18/11/2021 09:00:30.119 : INFO: {Thread.LoadConfig} : Load file config success
18/11/2021 09:00:30.150 : INFO: {Thread.LoadConfig} : Loi doc file config (api.lazada.lazop.util.ApiException: java.lang.IllegalArgumentException: Empty key)
18/11/2021 09:00:32.838 : ERRROR: {process.GetOrders} : request(data:{"data":{"count":0,"countTotal":0,"orders":[]},"code":"0","request_id":"2101012116372008333692074"}), response: api.lazada.lazop.api.LazopResponse@7eca96a5
18/11/2021 09:00:40.933 : INFO: {Thread.LoadConfig} : Load file config success
18/11/2021 09:00:42.433 : ERRROR: {process.GetOrders} : request(data:{"data":{"count":0,"countTotal":0,"orders":[]},"code":"0","request_id":"21010ec116372008430523657"}), response: api.lazada.lazop.api.LazopResponse@7d5c3a60
18/11/2021 09:00:52.681 : ERRROR: {process.GetOrders} : request(data:{"data":{"count":0,"countTotal":0,"orders":[]},"code":"0","request_id":"21011db716372008533045739"}), response: api.lazada.lazop.api.LazopResponse@37330ecf
18/11/2021 09:01:02.912 : ERRROR: {process.GetOrders} : request(data:{"data":{"count":0,"countTotal":0,"orders":[]},"code":"0","request_id":"21010ec116372008635295630"}), response: api.lazada.lazop.api.LazopResponse@23d5fafc
18/11/2021 09:01:13.183 : ERRROR: {process.GetOrders} : request(data:{"data":{"count":0,"countTotal":0,"orders":[]},"code":"0","request_id":"2101211e16372008738135131"}), response: api.lazada.lazop.api.LazopResponse@203367ae
18/11/2021 09:01:23.425 : ERRROR: {process.GetOrders} : request(data:{"data":{"count":0,"countTotal":0,"orders":[]},"code":"0","request_id":"2101211e16372008840436192"}), response: api.lazada.lazop.api.LazopResponse@1bf52865
18/11/2021 09:01:33.677 : ERRROR: {process.GetOrders} : request(data:{"data":{"count":0,"countTotal":0,"orders":[]},"code":"0","request_id":"2101745416372008942792335"}), response: api.lazada.lazop.api.LazopResponse@51acdd41
18/11/2021 09:01:43.929 : ERRROR: {process.GetOrders} : request(data:{"data":{"count":0,"countTotal":0,"orders":[]},"code":"0","request_id":"21010ec116372009045631573"}), response: api.lazada.lazop.api.LazopResponse@12be3c16
18/11/2021 09:01:54.178 : ERRROR: {process.GetOrders} : request(data:{"data":{"count":0,"countTotal":0,"orders":[]},"code":"0","request_id":"21011db716372009148013740"}), response: api.lazada.lazop.api.LazopResponse@197620bc
18/11/2021 09:02:04.444 : ERRROR: {process.GetOrders} : request(data:{"data":{"count":0,"countTotal":0,"orders":[]},"code":"0","request_id":"2101192016372009250833396"}), response: api.lazada.lazop.api.LazopResponse@6e8f9e58
18/11/2021 09:02:14.676 : ERRROR: {process.GetOrders} : request(data:{"data":{"count":0,"countTotal":0,"orders":[]},"code":"0","request_id":"2101745416372009353006553"}), response: api.lazada.lazop.api.LazopResponse@cad0e8b
18/11/2021 09:02:24.931 : ERRROR: {process.GetOrders} : request(data:{"data":{"count":0,"countTotal":0,"orders":[]},"code":"0","request_id":"21010ec116372009455305731"}), response: api.lazada.lazop.api.LazopResponse@6bb1fd8
18/11/2021 09:02:35.396 : ERRROR: {process.GetOrders} : request(data:{"data":{"count":0,"countTotal":0,"orders":[]},"code":"0","request_id":"2101745416372009560038411"}), response: api.lazada.lazop.api.LazopResponse@23369072
18/11/2021 09:02:45.827 : ERRROR: {process.GetOrders} : request(data:{"data":{"count":0,"countTotal":0,"orders":[]},"code":"0","request_id":"210110a516372009664467608"}), response: api.lazada.lazop.api.LazopResponse@1cf45e0f
18/11/2021 09:02:56.106 : ERRROR: {process.GetOrders} : request(data:{"data":{"count":0,"countTotal":0,"orders":[]},"code":"0","request_id":"2101211e16372009767347196"}), response: api.lazada.lazop.api.LazopResponse@6d9df00a
18/11/2021 09:03:06.329 : ERRROR: {process.GetOrders} : request(data:{"data":{"count":0,"countTotal":0,"orders":[]},"code":"0","request_id":"2101192016372009869561542"}), response: api.lazada.lazop.api.LazopResponse@ebe5c8
18/11/2021 09:03:16.554 : ERRROR: {process.GetOrders} : request(data:{"data":{"count":0,"countTotal":0,"orders":[]},"code":"0","request_id":"2101211e16372009971961652"}), response: api.lazada.lazop.api.LazopResponse@51d160ed
18/11/2021 09:03:26.796 : ERRROR: {process.GetOrders} : request(data:{"data":{"count":0,"countTotal":0,"orders":[]},"code":"0","request_id":"21010ec116372010074254216"}), response: api.lazada.lazop.api.LazopResponse@53048035
18/11/2021 09:10:24.456 : INFO: {Thread.LoadConfig} : Load file config success
18/11/2021 09:10:26.300 : ERRROR: {process.GetOrders} : request(data:{"data":{"count":0,"countTotal":0,"orders":[]},"code":"0","request_id":"21010ec116372014268882341"}), response: api.lazada.lazop.api.LazopResponse@117ff63c
18/11/2021 09:10:36.534 : ERRROR: {process.GetOrders} : request(data:{"data":{"count":0,"countTotal":0,"orders":[]},"code":"0","request_id":"2101745416372014371615192"}), response: api.lazada.lazop.api.LazopResponse@79684c3b
18/11/2021 09:10:46.813 : ERRROR: {process.GetOrders} : request(data:{"data":{"count":0,"countTotal":0,"orders":[]},"code":"0","request_id":"21011db716372014474415601"}), response: api.lazada.lazop.api.LazopResponse@786914a5
18/11/2021 09:21:15.447 : INFO: {Thread.LoadConfig} : Load file config success
18/11/2021 09:21:17.103 : ERRROR: {process.GetOrders} : request(data:{"data":{"count":0,"countTotal":0,"orders":[]},"code":"0","request_id":"2101745416372020776861435"}), response: api.lazada.lazop.api.LazopResponse@7726fdec
18/11/2021 09:23:06.037 : INFO: {Thread.LoadConfig} : Load file config success
18/11/2021 09:23:07.756 : ERRROR: {process.GetOrders} : request(data:{"data":{"count":0,"countTotal":0,"orders":[]},"code":"0","request_id":"2101211e16372021883541160"}), response: api.lazada.lazop.api.LazopResponse@cb571d8
18/11/2021 09:23:18.063 : ERRROR: {process.GetOrders} : request(data:{"data":{"count":0,"countTotal":0,"orders":[]},"code":"0","request_id":"21010ec116372021987083639"}), response: api.lazada.lazop.api.LazopResponse@3f1098a9
18/11/2021 09:23:32.600 : INFO: {Thread.LoadConfig} : Load file config success
18/11/2021 09:23:34.162 : ERRROR: {process.GetOrders} : request(data:{"data":{"count":0,"countTotal":0,"orders":[]},"code":"0","request_id":"2101192016372022148054672"}), response: api.lazada.lazop.api.LazopResponse@30a8e170
18/11/2021 09:23:44.388 : ERRROR: {process.GetOrders} : request(data:{"data":{"count":0,"countTotal":0,"orders":[]},"code":"0","request_id":"210110a516372022250365821"}), response: api.lazada.lazop.api.LazopResponse@43a57fa1
18/11/2021 09:40:06.843 : INFO: {Thread.LoadConfig} : Load file config success
18/11/2021 09:40:08.515 : ERRROR: {process.GetOrders} : request(data:{"data":{"count":0,"countTotal":0,"orders":[]},"code":"0","request_id":"210110a516372032091074553"}), response: api.lazada.lazop.api.LazopResponse@9a036f7
18/11/2021 09:40:18.759 : ERRROR: {process.GetOrders} : request(data:{"data":{"count":0,"countTotal":0,"orders":[]},"code":"0","request_id":"2101211e16372032194064457"}), response: api.lazada.lazop.api.LazopResponse@b83752
18/11/2021 09:40:28.994 : ERRROR: {process.GetOrders} : request(data:{"data":{"count":0,"countTotal":0,"orders":[]},"code":"0","request_id":"2101192016372032296436817"}), response: api.lazada.lazop.api.LazopResponse@1906d4a3
18/11/2021 09:40:39.270 : ERRROR: {process.GetOrders} : request(data:{"data":{"count":0,"countTotal":0,"orders":[]},"code":"0","request_id":"2101745416372032399161944"}), response: api.lazada.lazop.api.LazopResponse@7ea6a461
18/11/2021 09:40:49.505 : ERRROR: {process.GetOrders} : request(data:{"data":{"count":0,"countTotal":0,"orders":[]},"code":"0","request_id":"2101745416372032501623031"}), response: api.lazada.lazop.api.LazopResponse@78fb7107
18/11/2021 09:40:59.745 : ERRROR: {process.GetOrders} : request(data:{"data":{"count":0,"countTotal":0,"orders":[]},"code":"0","request_id":"2101211e16372032604018934"}), response: api.lazada.lazop.api.LazopResponse@683f9033
18/11/2021 09:41:10.083 : ERRROR: {process.GetOrders} : request(data:{"data":{"count":0,"countTotal":0,"orders":[]},"code":"0","request_id":"21011db716372032707094766"}), response: api.lazada.lazop.api.LazopResponse@10ca043e
18/11/2021 09:41:20.428 : ERRROR: {process.GetOrders} : request(data:{"data":{"count":0,"countTotal":0,"orders":[]},"code":"0","request_id":"210110a516372032810184801"}), response: api.lazada.lazop.api.LazopResponse@4b5cbc51
18/11/2021 09:41:30.649 : ERRROR: {process.GetOrders} : request(data:{"data":{"count":0,"countTotal":0,"orders":[]},"code":"0","request_id":"2101745416372032912987740"}), response: api.lazada.lazop.api.LazopResponse@5fb7c205
18/11/2021 09:41:40.908 : ERRROR: {process.GetOrders} : request(data:{"data":{"count":0,"countTotal":0,"orders":[]},"code":"0","request_id":"2101211e16372033015345660"}), response: api.lazada.lazop.api.LazopResponse@38c04126
18/11/2021 09:41:51.212 : ERRROR: {process.GetOrders} : request(data:{"data":{"count":0,"countTotal":0,"orders":[]},"code":"0","request_id":"21010ec116372033118588321"}), response: api.lazada.lazop.api.LazopResponse@1ffb4bda
18/11/2021 09:42:01.462 : ERRROR: {process.GetOrders} : request(data:{"data":{"count":0,"countTotal":0,"orders":[]},"code":"0","request_id":"21011db716372033220922558"}), response: api.lazada.lazop.api.LazopResponse@708d5776
18/11/2021 09:42:11.811 : ERRROR: {process.GetOrders} : request(data:{"data":{"count":0,"countTotal":0,"orders":[]},"code":"0","request_id":"2101745416372033324324252"}), response: api.lazada.lazop.api.LazopResponse@52c462df
18/11/2021 09:42:22.065 : ERRROR: {process.GetOrders} : request(data:{"data":{"count":0,"countTotal":0,"orders":[]},"code":"0","request_id":"2101192016372033427083342"}), response: api.lazada.lazop.api.LazopResponse@194f5c83
18/11/2021 09:42:32.293 : ERRROR: {process.GetOrders} : request(data:{"data":{"count":0,"countTotal":0,"orders":[]},"code":"0","request_id":"21010ec116372033529404545"}), response: api.lazada.lazop.api.LazopResponse@4acb14ff
18/11/2021 09:42:42.585 : ERRROR: {process.GetOrders} : request(data:{"data":{"count":0,"countTotal":0,"orders":[]},"code":"0","request_id":"2101192016372033632235305"}), response: api.lazada.lazop.api.LazopResponse@44d50090
18/11/2021 09:42:52.822 : ERRROR: {process.GetOrders} : request(data:{"data":{"count":0,"countTotal":0,"orders":[]},"code":"0","request_id":"2101192016372033734616194"}), response: api.lazada.lazop.api.LazopResponse@2a618307
18/11/2021 09:43:03.096 : ERRROR: {process.GetOrders} : request(data:{"data":{"count":0,"countTotal":0,"orders":[]},"code":"0","request_id":"2101745416372033837421266"}), response: api.lazada.lazop.api.LazopResponse@7cf4c5ff
18/11/2021 09:43:13.486 : ERRROR: {process.GetOrders} : request(data:{"data":{"count":0,"countTotal":0,"orders":[]},"code":"0","request_id":"2101745416372033941012365"}), response: api.lazada.lazop.api.LazopResponse@46bdbfe
18/11/2021 09:43:23.753 : ERRROR: {process.GetOrders} : request(data:{"data":{"count":0,"countTotal":0,"orders":[]},"code":"0","request_id":"2101012116372034043671092"}), response: api.lazada.lazop.api.LazopResponse@4d2f0197
18/11/2021 09:43:33.995 : ERRROR: {process.GetOrders} : request(data:{"data":{"count":0,"countTotal":0,"orders":[]},"code":"0","request_id":"210110a516372034146422517"}), response: api.lazada.lazop.api.LazopResponse@6de3d870
18/11/2021 09:43:44.231 : ERRROR: {process.GetOrders} : request(data:{"data":{"count":0,"countTotal":0,"orders":[]},"code":"0","request_id":"2101192016372034248773218"}), response: api.lazada.lazop.api.LazopResponse@16b413a2
18/11/2021 09:43:54.468 : ERRROR: {process.GetOrders} : request(data:{"data":{"count":0,"countTotal":0,"orders":[]},"code":"0","request_id":"2101012116372034351163918"}), response: api.lazada.lazop.api.LazopResponse@54e1aabf
18/11/2021 09:44:04.693 : ERRROR: {process.GetOrders} : request(data:{"data":{"count":0,"countTotal":0,"orders":[]},"code":"0","request_id":"2101012116372034453404831"}), response: api.lazada.lazop.api.LazopResponse@527e700c
18/11/2021 09:44:16.369 : ERRROR: {process.GetOrders} : request(data:{"data":{"count":0,"countTotal":0,"orders":[]},"code":"0","request_id":"2101192016372034569256065"}), response: api.lazada.lazop.api.LazopResponse@48e7c19b
18/11/2021 09:44:34.884 : ERRROR: {process.GetOrders} : request(data:{"data":{"count":0,"countTotal":0,"orders":[]},"code":"0","request_id":"2101012116372034714537226"}), response: api.lazada.lazop.api.LazopResponse@1afc62ec
18/11/2021 09:44:46.622 : ERRROR: {process.GetOrders} : request(data:{"data":{"count":0,"countTotal":0,"orders":[]},"code":"0","request_id":"21011db716372034872142049"}), response: api.lazada.lazop.api.LazopResponse@7720637f
18/11/2021 09:44:56.949 : ERRROR: {process.GetOrders} : request(data:{"data":{"count":0,"countTotal":0,"orders":[]},"code":"0","request_id":"2101211e16372034975938307"}), response: api.lazada.lazop.api.LazopResponse@562f4b8
18/11/2021 09:45:06.859 : INFO: {Thread.LoadConfig} : Load file config success
18/11/2021 09:45:07.272 : ERRROR: {process.GetOrders} : request(data:{"data":{"count":0,"countTotal":0,"orders":[]},"code":"0","request_id":"21011db716372035079243951"}), response: api.lazada.lazop.api.LazopResponse@56854adf
18/11/2021 09:45:17.608 : ERRROR: {process.GetOrders} : request(data:{"data":{"count":0,"countTotal":0,"orders":[]},"code":"0","request_id":"210110a516372035182413844"}), response: api.lazada.lazop.api.LazopResponse@30763de
18/11/2021 09:45:27.849 : ERRROR: {process.GetOrders} : request(data:{"data":{"count":0,"countTotal":0,"orders":[]},"code":"0","request_id":"2101211e16372035285003297"}), response: api.lazada.lazop.api.LazopResponse@6a9988fa
18/11/2021 09:45:38.311 : ERRROR: {process.GetOrders} : request(data:{"data":{"count":0,"countTotal":0,"orders":[]},"code":"0","request_id":"2101745416372035388767557"}), response: api.lazada.lazop.api.LazopResponse@78595359
18/11/2021 09:45:48.689 : ERRROR: {process.GetOrders} : request(data:{"data":{"count":0,"countTotal":0,"orders":[]},"code":"0","request_id":"2101211e16372035493305242"}), response: api.lazada.lazop.api.LazopResponse@6c62e7ea
18/11/2021 09:45:58.920 : ERRROR: {process.GetOrders} : request(data:{"data":{"count":0,"countTotal":0,"orders":[]},"code":"0","request_id":"2101211e16372035595626109"}), response: api.lazada.lazop.api.LazopResponse@63e37e34
18/11/2021 09:46:09.254 : ERRROR: {process.GetOrders} : request(data:{"data":{"count":0,"countTotal":0,"orders":[]},"code":"0","request_id":"2101192016372035698918482"}), response: api.lazada.lazop.api.LazopResponse@7dbdeaf2
18/11/2021 09:46:19.644 : ERRROR: {process.GetOrders} : request(data:{"data":{"count":0,"countTotal":0,"orders":[]},"code":"0","request_id":"2101012116372035802551574"}), response: api.lazada.lazop.api.LazopResponse@6a44a4e0
18/11/2021 09:46:30.208 : ERRROR: {process.GetOrders} : request(data:{"data":{"count":0,"countTotal":0,"orders":[]},"code":"0","request_id":"2101211e16372035908521684"}), response: api.lazada.lazop.api.LazopResponse@451cfee6
18/11/2021 09:46:40.469 : ERRROR: {process.GetOrders} : request(data:{"data":{"count":0,"countTotal":0,"orders":[]},"code":"0","request_id":"21011db716372036010815335"}), response: api.lazada.lazop.api.LazopResponse@4bf2f59
18/11/2021 09:46:51.046 : ERRROR: {process.GetOrders} : request(data:{"data":{"count":0,"countTotal":0,"orders":[]},"code":"0","request_id":"2101745416372036116897245"}), response: api.lazada.lazop.api.LazopResponse@5d8bb87a
18/11/2021 09:47:01.531 : ERRROR: {process.GetOrders} : request(data:{"data":{"count":0,"countTotal":0,"orders":[]},"code":"0","request_id":"210110a516372036221806507"}), response: api.lazada.lazop.api.LazopResponse@33bcba70
18/11/2021 09:47:12.170 : ERRROR: {process.GetOrders} : request(data:{"data":{"count":0,"countTotal":0,"orders":[]},"code":"0","request_id":"2101192016372036326657234"}), response: api.lazada.lazop.api.LazopResponse@19978d80
18/11/2021 09:47:22.647 : ERRROR: {process.GetOrders} : request(data:{"data":{"count":0,"countTotal":0,"orders":[]},"code":"0","request_id":"21010ec116372036432758394"}), response: api.lazada.lazop.api.LazopResponse@578b633d
18/11/2021 09:47:32.945 : ERRROR: {process.GetOrders} : request(data:{"data":{"count":0,"countTotal":0,"orders":[]},"code":"0","request_id":"2101745416372036535473022"}), response: api.lazada.lazop.api.LazopResponse@7892dcb5
18/11/2021 09:47:43.441 : ERRROR: {process.GetOrders} : request(data:{"data":{"count":0,"countTotal":0,"orders":[]},"code":"0","request_id":"21011db716372036640713359"}), response: api.lazada.lazop.api.LazopResponse@e9b104a
18/11/2021 09:47:53.922 : ERRROR: {process.GetOrders} : request(data:{"data":{"count":0,"countTotal":0,"orders":[]},"code":"0","request_id":"2101012116372036745522712"}), response: api.lazada.lazop.api.LazopResponse@37b6f94c
18/11/2021 09:48:04.184 : ERRROR: {process.GetOrders} : request(data:{"data":{"count":0,"countTotal":0,"orders":[]},"code":"0","request_id":"210110a516372036848294013"}), response: api.lazada.lazop.api.LazopResponse@7c37ee5
18/11/2021 09:48:14.438 : ERRROR: {process.GetOrders} : request(data:{"data":{"count":0,"countTotal":0,"orders":[]},"code":"0","request_id":"2101745416372036950806698"}), response: api.lazada.lazop.api.LazopResponse@71dcfd17
18/11/2021 09:48:25.176 : ERRROR: {process.GetOrders} : request(data:{"data":{"count":0,"countTotal":0,"orders":[]},"code":"0","request_id":"21010ec116372037057645744"}), response: api.lazada.lazop.api.LazopResponse@46ecdfff
18/11/2021 09:48:35.409 : ERRROR: {process.GetOrders} : request(data:{"data":{"count":0,"countTotal":0,"orders":[]},"code":"0","request_id":"2101745416372037160608413"}), response: api.lazada.lazop.api.LazopResponse@7e475734
18/11/2021 09:48:45.724 : ERRROR: {process.GetOrders} : request(data:{"data":{"count":0,"countTotal":0,"orders":[]},"code":"0","request_id":"21010ec116372037263697430"}), response: api.lazada.lazop.api.LazopResponse@1b5ff513
18/11/2021 09:48:56.126 : ERRROR: {process.GetOrders} : request(data:{"data":{"count":0,"countTotal":0,"orders":[]},"code":"0","request_id":"2101211e16372037367496730"}), response: api.lazada.lazop.api.LazopResponse@38deac1e
18/11/2021 09:49:06.377 : ERRROR: {process.GetOrders} : request(data:{"data":{"count":0,"countTotal":0,"orders":[]},"code":"0","request_id":"21010ec116372037470158980"}), response: api.lazada.lazop.api.LazopResponse@678a3190
18/11/2021 09:49:16.636 : ERRROR: {process.GetOrders} : request(data:{"data":{"count":0,"countTotal":0,"orders":[]},"code":"0","request_id":"21011db716372037572763011"}), response: api.lazada.lazop.api.LazopResponse@1f048d04
18/11/2021 09:49:27.640 : ERRROR: {process.GetOrders} : request(data:{"data":{"count":0,"countTotal":0,"orders":[]},"code":"0","request_id":"2101745416372037682834540"}), response: api.lazada.lazop.api.LazopResponse@5bd42d6
18/11/2021 09:49:40.615 : ERRROR: {process.GetOrders} : request(data:{"data":{"count":0,"countTotal":0,"orders":[]},"code":"0","request_id":"2101211e16372037799682229"}), response: api.lazada.lazop.api.LazopResponse@785e3246
18/11/2021 09:49:50.866 : ERRROR: {process.GetOrders} : request(data:{"data":{"count":0,"countTotal":0,"orders":[]},"code":"0","request_id":"210110a516372037915014557"}), response: api.lazada.lazop.api.LazopResponse@c934f17
18/11/2021 09:50:01.466 : ERRROR: {process.GetOrders} : request(data:{"data":{"count":0,"countTotal":0,"orders":[]},"code":"0","request_id":"2101211e16372038020914015"}), response: api.lazada.lazop.api.LazopResponse@1a78dc43
18/11/2021 09:50:06.861 : INFO: {Thread.LoadConfig} : Load file config success
18/11/2021 09:50:12.346 : ERRROR: {process.GetOrders} : request(data:{"data":{"count":0,"countTotal":0,"orders":[]},"code":"0","request_id":"2101745416372038127228438"}), response: api.lazada.lazop.api.LazopResponse@20fb7ad2
18/11/2021 09:50:22.871 : ERRROR: {process.GetOrders} : request(data:{"data":{"count":0,"countTotal":0,"orders":[]},"code":"0","request_id":"2101211e16372038235216382"}), response: api.lazada.lazop.api.LazopResponse@47290ac5
18/11/2021 09:50:33.238 : ERRROR: {process.GetOrders} : request(data:{"data":{"count":0,"countTotal":0,"orders":[]},"code":"0","request_id":"21010ec116372038338828961"}), response: api.lazada.lazop.api.LazopResponse@5f922f83
18/11/2021 09:50:43.597 : ERRROR: {process.GetOrders} : request(data:{"data":{"count":0,"countTotal":0,"orders":[]},"code":"0","request_id":"2101012116372038442401685"}), response: api.lazada.lazop.api.LazopResponse@13ce7e81
18/11/2021 09:50:53.836 : ERRROR: {process.GetOrders} : request(data:{"data":{"count":0,"countTotal":0,"orders":[]},"code":"0","request_id":"2101192016372038544772950"}), response: api.lazada.lazop.api.LazopResponse@315728f0
18/11/2021 09:51:04.119 : ERRROR: {process.GetOrders} : request(data:{"data":{"count":0,"countTotal":0,"orders":[]},"code":"0","request_id":"210110a516372038647404331"}), response: api.lazada.lazop.api.LazopResponse@792f01be
18/11/2021 09:51:14.866 : ERRROR: {process.GetOrders} : request(data:{"data":{"count":0,"countTotal":0,"orders":[]},"code":"0","request_id":"2101745416372038754747238"}), response: api.lazada.lazop.api.LazopResponse@3dcacbf4
18/11/2021 09:51:26.393 : ERRROR: {process.GetOrders} : request(data:{"data":{"count":0,"countTotal":0,"orders":[]},"code":"0","request_id":"2101745416372038868058392"}), response: api.lazada.lazop.api.LazopResponse@3685700a
18/11/2021 09:51:36.722 : ERRROR: {process.GetOrders} : request(data:{"data":{"count":0,"countTotal":0,"orders":[]},"code":"0","request_id":"2101192016372038973667300"}), response: api.lazada.lazop.api.LazopResponse@7c503401
18/11/2021 09:51:46.997 : ERRROR: {process.GetOrders} : request(data:{"data":{"count":0,"countTotal":0,"orders":[]},"code":"0","request_id":"2101192016372039076508440"}), response: api.lazada.lazop.api.LazopResponse@3ddcc331
18/11/2021 09:51:57.247 : ERRROR: {process.GetOrders} : request(data:{"data":{"count":0,"countTotal":0,"orders":[]},"code":"0","request_id":"2101211e16372039178938206"}), response: api.lazada.lazop.api.LazopResponse@106ff2d
18/11/2021 09:52:07.562 : ERRROR: {process.GetOrders} : request(data:{"data":{"count":0,"countTotal":0,"orders":[]},"code":"0","request_id":"2101012116372039281962141"}), response: api.lazada.lazop.api.LazopResponse@1a59b28a
18/11/2021 09:52:17.809 : ERRROR: {process.GetOrders} : request(data:{"data":{"count":0,"countTotal":0,"orders":[]},"code":"0","request_id":"2101745416372039384485359"}), response: api.lazada.lazop.api.LazopResponse@51ff311
18/11/2021 09:52:28.098 : ERRROR: {process.GetOrders} : request(data:{"data":{"count":0,"countTotal":0,"orders":[]},"code":"0","request_id":"2101745416372039487456225"}), response: api.lazada.lazop.api.LazopResponse@1db91517
18/11/2021 09:52:38.396 : ERRROR: {process.GetOrders} : request(data:{"data":{"count":0,"countTotal":0,"orders":[]},"code":"0","request_id":"2101192016372039590375129"}), response: api.lazada.lazop.api.LazopResponse@471405f3
18/11/2021 09:52:48.624 : ERRROR: {process.GetOrders} : request(data:{"data":{"count":0,"countTotal":0,"orders":[]},"code":"0","request_id":"21010ec116372039692746185"}), response: api.lazada.lazop.api.LazopResponse@15d1ac9c
18/11/2021 09:52:58.891 : ERRROR: {process.GetOrders} : request(data:{"data":{"count":0,"countTotal":0,"orders":[]},"code":"0","request_id":"21011db716372039795338068"}), response: api.lazada.lazop.api.LazopResponse@23df73f1
18/11/2021 09:53:09.149 : ERRROR: {process.GetOrders} : request(data:{"data":{"count":0,"countTotal":0,"orders":[]},"code":"0","request_id":"2101012116372039897927450"}), response: api.lazada.lazop.api.LazopResponse@79aa25b1
18/11/2021 09:53:19.369 : ERRROR: {process.GetOrders} : request(data:{"data":{"count":0,"countTotal":0,"orders":[]},"code":"0","request_id":"21010ec116372040000228549"}), response: api.lazada.lazop.api.LazopResponse@17d2b265
18/11/2021 09:53:29.608 : ERRROR: {process.GetOrders} : request(data:{"data":{"count":0,"countTotal":0,"orders":[]},"code":"0","request_id":"210110a516372040102501339"}), response: api.lazada.lazop.api.LazopResponse@6ed228da
18/11/2021 09:53:39.901 : ERRROR: {process.GetOrders} : request(data:{"data":{"count":0,"countTotal":0,"orders":[]},"code":"0","request_id":"210110a516372040205422043"}), response: api.lazada.lazop.api.LazopResponse@7b5e3d8
18/11/2021 09:53:50.134 : ERRROR: {process.GetOrders} : request(data:{"data":{"count":0,"countTotal":0,"orders":[]},"code":"0","request_id":"2101211e16372040307861228"}), response: api.lazada.lazop.api.LazopResponse@7a1263d1
18/11/2021 09:54:00.357 : ERRROR: {process.GetOrders} : request(data:{"data":{"count":0,"countTotal":0,"orders":[]},"code":"0","request_id":"21010ec116372040409983437"}), response: api.lazada.lazop.api.LazopResponse@1aa37060
18/11/2021 09:54:10.654 : ERRROR: {process.GetOrders} : request(data:{"data":{"count":0,"countTotal":0,"orders":[]},"code":"0","request_id":"2101012116372040512933833"}), response: api.lazada.lazop.api.LazopResponse@29ab73d9
18/11/2021 09:54:20.867 : ERRROR: {process.GetOrders} : request(data:{"data":{"count":0,"countTotal":0,"orders":[]},"code":"0","request_id":"2101192016372040615154942"}), response: api.lazada.lazop.api.LazopResponse@d05ac84
18/11/2021 09:54:32.049 : INFO: {Thread.LoadConfig} : Load file config success
18/11/2021 09:54:33.750 : ERRROR: {process.GetOrders} : request(data:{"data":{"count":0,"countTotal":0,"orders":[]},"code":"0","request_id":"21010ec116372040743886289"}), response: api.lazada.lazop.api.LazopResponse@6eba9a3f
18/11/2021 09:54:44.055 : ERRROR: {process.GetOrders} : request(data:{"data":{"count":0,"countTotal":0,"orders":[]},"code":"0","request_id":"21011db716372040846758268"}), response: api.lazada.lazop.api.LazopResponse@13ed72c8
18/11/2021 09:54:54.303 : ERRROR: {process.GetOrders} : request(data:{"data":{"count":0,"countTotal":0,"orders":[]},"code":"0","request_id":"2101012116372040949557558"}), response: api.lazada.lazop.api.LazopResponse@6772ea79
18/11/2021 09:55:04.627 : ERRROR: {process.GetOrders} : request(data:{"data":{"count":0,"countTotal":0,"orders":[]},"code":"0","request_id":"21011db716372041052601850"}), response: api.lazada.lazop.api.LazopResponse@272d056b
18/11/2021 09:55:13.560 : INFO: {Thread.LoadConfig} : Load file config success
18/11/2021 09:55:15.256 : ERRROR: {process.GetOrders} : request(data:{"data":{"count":0,"countTotal":0,"orders":[]},"code":"0","request_id":"2101192016372041158921440"}), response: api.lazada.lazop.api.LazopResponse@d47fe8d
18/11/2021 09:55:25.492 : ERRROR: {process.GetOrders} : request(data:{"data":{"count":0,"countTotal":0,"orders":[]},"code":"0","request_id":"2101745416372041261314296"}), response: api.lazada.lazop.api.LazopResponse@1f06cfdd
18/11/2021 09:55:35.791 : ERRROR: {process.GetOrders} : request(data:{"data":{"count":0,"countTotal":0,"orders":[]},"code":"0","request_id":"2101745416372041364305074"}), response: api.lazada.lazop.api.LazopResponse@6c91b16c
18/11/2021 09:55:46.112 : ERRROR: {process.GetOrders} : request(data:{"data":{"count":0,"countTotal":0,"orders":[]},"code":"0","request_id":"2101192016372041467563820"}), response: api.lazada.lazop.api.LazopResponse@1a8b18f5
18/11/2021 11:00:06.518 : INFO: {Thread.LoadConfig} : Load file config success
18/11/2021 11:00:08.115 : ERRROR: {process.GetOrders} : request(data:{"data":{"count":0,"countTotal":0,"orders":[]},"code":"0","request_id":"2101192016372080087531378"}), response: api.lazada.lazop.api.LazopResponse@4868b916
18/11/2021 11:00:17.726 : INFO: {Thread.LoadConfig} : Load file config success
18/11/2021 11:00:19.436 : INFO: {Thread.LoadConfig} : Loi doc file config (org.json.JSONException: No value for access_token)
18/11/2021 11:00:19.468 : ERRROR: {process.GetOrders} : request(data:{"data":{"count":0,"countTotal":0,"orders":[]},"code":"0","request_id":"2101012116372080201262659"}), response: api.lazada.lazop.api.LazopResponse@42509339
18/11/2021 11:00:29.784 : ERRROR: {process.GetOrders} : request(data:{"data":{"count":0,"countTotal":0,"orders":[]},"code":"0","request_id":"21011db716372080304485527"}), response: api.lazada.lazop.api.LazopResponse@7844449a
18/11/2021 11:00:40.044 : ERRROR: {process.GetOrders} : request(data:{"data":{"count":0,"countTotal":0,"orders":[]},"code":"0","request_id":"2101192016372080407255623"}), response: api.lazada.lazop.api.LazopResponse@5e389904
18/11/2021 11:00:50.270 : ERRROR: {process.GetOrders} : request(data:{"data":{"count":0,"countTotal":0,"orders":[]},"code":"0","request_id":"2101211e16372080509555656"}), response: api.lazada.lazop.api.LazopResponse@3516fc4b
18/11/2021 11:01:00.515 : ERRROR: {process.GetOrders} : request(data:{"data":{"count":0,"countTotal":0,"orders":[]},"code":"0","request_id":"2101012116372080611978150"}), response: api.lazada.lazop.api.LazopResponse@17efdae
18/11/2021 11:01:10.785 : ERRROR: {process.GetOrders} : request(data:{"data":{"count":0,"countTotal":0,"orders":[]},"code":"0","request_id":"2101192016372080714291540"}), response: api.lazada.lazop.api.LazopResponse@d5ca158
18/11/2021 11:01:21.053 : ERRROR: {process.GetOrders} : request(data:{"data":{"count":0,"countTotal":0,"orders":[]},"code":"0","request_id":"21011db716372080817454376"}), response: api.lazada.lazop.api.LazopResponse@52156677
18/11/2021 11:01:31.301 : ERRROR: {process.GetOrders} : request(data:{"data":{"count":0,"countTotal":0,"orders":[]},"code":"0","request_id":"21011db716372080919845555"}), response: api.lazada.lazop.api.LazopResponse@55856b85
18/11/2021 11:01:41.535 : ERRROR: {process.GetOrders} : request(data:{"data":{"count":0,"countTotal":0,"orders":[]},"code":"0","request_id":"2101012116372081022215030"}), response: api.lazada.lazop.api.LazopResponse@255cdb82
18/11/2021 11:01:51.862 : ERRROR: {process.GetOrders} : request(data:{"data":{"count":0,"countTotal":0,"orders":[]},"code":"0","request_id":"2101012116372081125526047"}), response: api.lazada.lazop.api.LazopResponse@73f0876c
18/11/2021 11:02:02.112 : ERRROR: {process.GetOrders} : request(data:{"data":{"count":0,"countTotal":0,"orders":[]},"code":"0","request_id":"2101192016372081227917463"}), response: api.lazada.lazop.api.LazopResponse@71573af2
18/11/2021 11:02:12.396 : ERRROR: {process.GetOrders} : request(data:{"data":{"count":0,"countTotal":0,"orders":[]},"code":"0","request_id":"2101745416372081330482765"}), response: api.lazada.lazop.api.LazopResponse@28ee6999
18/11/2021 11:02:22.693 : ERRROR: {process.GetOrders} : request(data:{"data":{"count":0,"countTotal":0,"orders":[]},"code":"0","request_id":"21010ec116372081433752364"}), response: api.lazada.lazop.api.LazopResponse@33265555
18/11/2021 11:02:32.948 : ERRROR: {process.GetOrders} : request(data:{"data":{"count":0,"countTotal":0,"orders":[]},"code":"0","request_id":"2101192016372081536393217"}), response: api.lazada.lazop.api.LazopResponse@49325654
18/11/2021 11:02:43.195 : ERRROR: {process.GetOrders} : request(data:{"data":{"count":0,"countTotal":0,"orders":[]},"code":"0","request_id":"2101211e16372081638783073"}), response: api.lazada.lazop.api.LazopResponse@38f6933c
18/11/2021 11:02:53.499 : ERRROR: {process.GetOrders} : request(data:{"data":{"count":0,"countTotal":0,"orders":[]},"code":"0","request_id":"210110a516372081741885662"}), response: api.lazada.lazop.api.LazopResponse@ba68914
18/11/2021 11:03:03.757 : ERRROR: {process.GetOrders} : request(data:{"data":{"count":0,"countTotal":0,"orders":[]},"code":"0","request_id":"2101745416372081844248456"}), response: api.lazada.lazop.api.LazopResponse@2a8d3cb8
18/11/2021 11:03:14.020 : ERRROR: {process.GetOrders} : request(data:{"data":{"count":0,"countTotal":0,"orders":[]},"code":"0","request_id":"2101012116372081946887487"}), response: api.lazada.lazop.api.LazopResponse@4b39d1dd
18/11/2021 11:03:24.281 : ERRROR: {process.GetOrders} : request(data:{"data":{"count":0,"countTotal":0,"orders":[]},"code":"0","request_id":"2101192016372082049628920"}), response: api.lazada.lazop.api.LazopResponse@d725955
18/11/2021 11:03:34.522 : ERRROR: {process.GetOrders} : request(data:{"data":{"count":0,"countTotal":0,"orders":[]},"code":"0","request_id":"210110a516372082151982368"}), response: api.lazada.lazop.api.LazopResponse@3d81847f
18/11/2021 11:03:44.771 : ERRROR: {process.GetOrders} : request(data:{"data":{"count":0,"countTotal":0,"orders":[]},"code":"0","request_id":"2101192016372082254573234"}), response: api.lazada.lazop.api.LazopResponse@42eb7ef6
18/11/2021 11:03:55.070 : ERRROR: {process.GetOrders} : request(data:{"data":{"count":0,"countTotal":0,"orders":[]},"code":"0","request_id":"21010ec116372082357614584"}), response: api.lazada.lazop.api.LazopResponse@fa9e523
18/11/2021 11:04:05.302 : ERRROR: {process.GetOrders} : request(data:{"data":{"count":0,"countTotal":0,"orders":[]},"code":"0","request_id":"2101192016372082459885564"}), response: api.lazada.lazop.api.LazopResponse@d9a44f0
18/11/2021 11:04:15.570 : ERRROR: {process.GetOrders} : request(data:{"data":{"count":0,"countTotal":0,"orders":[]},"code":"0","request_id":"2101211e16372082562315417"}), response: api.lazada.lazop.api.LazopResponse@2585ee8a
18/11/2021 11:04:25.872 : ERRROR: {process.GetOrders} : request(data:{"data":{"count":0,"countTotal":0,"orders":[]},"code":"0","request_id":"2101745416372082665311759"}), response: api.lazada.lazop.api.LazopResponse@6bba0051
18/11/2021 11:04:36.113 : ERRROR: {process.GetOrders} : request(data:{"data":{"count":0,"countTotal":0,"orders":[]},"code":"0","request_id":"210110a516372082767981168"}), response: api.lazada.lazop.api.LazopResponse@6f45991d
18/11/2021 11:04:46.350 : ERRROR: {process.GetOrders} : request(data:{"data":{"count":0,"countTotal":0,"orders":[]},"code":"0","request_id":"21011db716372082870343530"}), response: api.lazada.lazop.api.LazopResponse@5e733e36
18/11/2021 11:04:56.637 : ERRROR: {process.GetOrders} : request(data:{"data":{"count":0,"countTotal":0,"orders":[]},"code":"0","request_id":"21011db716372082973294691"}), response: api.lazada.lazop.api.LazopResponse@26766cb5
18/11/2021 11:05:06.862 : ERRROR: {process.GetOrders} : request(data:{"data":{"count":0,"countTotal":0,"orders":[]},"code":"0","request_id":"2101192016372083075474556"}), response: api.lazada.lazop.api.LazopResponse@356336b4
18/11/2021 11:05:17.079 : ERRROR: {process.GetOrders} : request(data:{"data":{"count":0,"countTotal":0,"orders":[]},"code":"0","request_id":"2101192016372083177655950"}), response: api.lazada.lazop.api.LazopResponse@43a28033
18/11/2021 11:05:17.743 : INFO: {Thread.LoadConfig} : Load file config success
18/11/2021 11:05:27.320 : ERRROR: {process.GetOrders} : request(data:{"data":{"count":0,"countTotal":0,"orders":[]},"code":"0","request_id":"2101012116372083279857065"}), response: api.lazada.lazop.api.LazopResponse@6edb2e49
18/11/2021 11:05:37.542 : ERRROR: {process.GetOrders} : request(data:{"data":{"count":0,"countTotal":0,"orders":[]},"code":"0","request_id":"2101012116372083382368122"}), response: api.lazada.lazop.api.LazopResponse@391fa936
18/11/2021 11:05:47.793 : ERRROR: {process.GetOrders} : request(data:{"data":{"count":0,"countTotal":0,"orders":[]},"code":"0","request_id":"2101745416372083484823309"}), response: api.lazada.lazop.api.LazopResponse@3068d2d3
18/11/2021 11:05:58.105 : ERRROR: {process.GetOrders} : request(data:{"data":{"count":0,"countTotal":0,"orders":[]},"code":"0","request_id":"2101745416372083587844722"}), response: api.lazada.lazop.api.LazopResponse@4c341e9a
18/11/2021 11:06:08.358 : ERRROR: {process.GetOrders} : request(data:{"data":{"count":0,"countTotal":0,"orders":[]},"code":"0","request_id":"21011db716372083690465411"}), response: api.lazada.lazop.api.LazopResponse@56658516
18/11/2021 11:06:18.643 : ERRROR: {process.GetOrders} : request(data:{"data":{"count":0,"countTotal":0,"orders":[]},"code":"0","request_id":"21010ec116372083793235664"}), response: api.lazada.lazop.api.LazopResponse@374c0bcd
18/11/2021 11:06:28.976 : ERRROR: {process.GetOrders} : request(data:{"data":{"count":0,"countTotal":0,"orders":[]},"code":"0","request_id":"210110a516372083896456894"}), response: api.lazada.lazop.api.LazopResponse@6bc0f292
18/11/2021 11:06:39.255 : ERRROR: {process.GetOrders} : request(data:{"data":{"count":0,"countTotal":0,"orders":[]},"code":"0","request_id":"21011db716372083999451261"}), response: api.lazada.lazop.api.LazopResponse@57b3fc61
18/11/2021 11:06:49.500 : ERRROR: {process.GetOrders} : request(data:{"data":{"count":0,"countTotal":0,"orders":[]},"code":"0","request_id":"2101192016372084101908932"}), response: api.lazada.lazop.api.LazopResponse@1ba00e8
18/11/2021 11:06:59.800 : ERRROR: {process.GetOrders} : request(data:{"data":{"count":0,"countTotal":0,"orders":[]},"code":"0","request_id":"2101192016372084204871910"}), response: api.lazada.lazop.api.LazopResponse@631b2dea
18/11/2021 11:07:10.078 : ERRROR: {process.GetOrders} : request(data:{"data":{"count":0,"countTotal":0,"orders":[]},"code":"0","request_id":"2101211e16372084307711962"}), response: api.lazada.lazop.api.LazopResponse@3cd956a0
18/11/2021 11:07:20.318 : ERRROR: {process.GetOrders} : request(data:{"data":{"count":0,"countTotal":0,"orders":[]},"code":"0","request_id":"2101211e16372084410043052"}), response: api.lazada.lazop.api.LazopResponse@3963602d
18/11/2021 11:07:30.595 : ERRROR: {process.GetOrders} : request(data:{"data":{"count":0,"countTotal":0,"orders":[]},"code":"0","request_id":"21011db716372084512636684"}), response: api.lazada.lazop.api.LazopResponse@15a83b37
18/11/2021 11:07:40.865 : ERRROR: {process.GetOrders} : request(data:{"data":{"count":0,"countTotal":0,"orders":[]},"code":"0","request_id":"21011db716372084615567721"}), response: api.lazada.lazop.api.LazopResponse@7cd69dc5
18/11/2021 11:07:51.095 : ERRROR: {process.GetOrders} : request(data:{"data":{"count":0,"countTotal":0,"orders":[]},"code":"0","request_id":"2101192016372084717827327"}), response: api.lazada.lazop.api.LazopResponse@32d5cf39
18/11/2021 11:08:01.469 : ERRROR: {process.GetOrders} : request(data:{"data":{"count":0,"countTotal":0,"orders":[]},"code":"0","request_id":"21011db716372084821621823"}), response: api.lazada.lazop.api.LazopResponse@b0a07b2
18/11/2021 11:08:11.734 : ERRROR: {process.GetOrders} : request(data:{"data":{"count":0,"countTotal":0,"orders":[]},"code":"0","request_id":"2101012116372084924191301"}), response: api.lazada.lazop.api.LazopResponse@1a6c971b
18/11/2021 11:08:21.966 : ERRROR: {process.GetOrders} : request(data:{"data":{"count":0,"countTotal":0,"orders":[]},"code":"0","request_id":"210110a516372085026482749"}), response: api.lazada.lazop.api.LazopResponse@3ff23b92
18/11/2021 11:08:32.234 : ERRROR: {process.GetOrders} : request(data:{"data":{"count":0,"countTotal":0,"orders":[]},"code":"0","request_id":"21010ec116372085128953626"}), response: api.lazada.lazop.api.LazopResponse@3bf5b064
18/11/2021 11:08:42.461 : ERRROR: {process.GetOrders} : request(data:{"data":{"count":0,"countTotal":0,"orders":[]},"code":"0","request_id":"210110a516372085231554697"}), response: api.lazada.lazop.api.LazopResponse@4975497c
18/11/2021 11:08:52.692 : ERRROR: {process.GetOrders} : request(data:{"data":{"count":0,"countTotal":0,"orders":[]},"code":"0","request_id":"2101745416372085333847362"}), response: api.lazada.lazop.api.LazopResponse@737b7f50
18/11/2021 11:09:02.988 : ERRROR: {process.GetOrders} : request(data:{"data":{"count":0,"countTotal":0,"orders":[]},"code":"0","request_id":"21011db716372085436757809"}), response: api.lazada.lazop.api.LazopResponse@6eaf82d6
18/11/2021 11:09:13.256 : ERRROR: {process.GetOrders} : request(data:{"data":{"count":0,"countTotal":0,"orders":[]},"code":"0","request_id":"2101192016372085539417427"}), response: api.lazada.lazop.api.LazopResponse@211212fa
18/11/2021 11:09:23.507 : ERRROR: {process.GetOrders} : request(data:{"data":{"count":0,"countTotal":0,"orders":[]},"code":"0","request_id":"210110a516372085641838699"}), response: api.lazada.lazop.api.LazopResponse@256596c0
18/11/2021 11:09:33.733 : ERRROR: {process.GetOrders} : request(data:{"data":{"count":0,"countTotal":0,"orders":[]},"code":"0","request_id":"2101192016372085744161420"}), response: api.lazada.lazop.api.LazopResponse@316c8e37
18/11/2021 11:09:41.218 : INFO: {Thread.LoadConfig} : Load file config success
18/11/2021 11:09:42.786 : ERRROR: {process.GetOrders} : request(data:{"data":{"count":0,"countTotal":0,"orders":[]},"code":"0","request_id":"2101745416372085834684195"}), response: api.lazada.lazop.api.LazopResponse@282c26d1
18/11/2021 11:09:53.034 : ERRROR: {process.GetOrders} : request(data:{"data":{"count":0,"countTotal":0,"orders":[]},"code":"0","request_id":"210110a516372085937043354"}), response: api.lazada.lazop.api.LazopResponse@54a1e20c
18/11/2021 11:10:03.277 : ERRROR: {process.GetOrders} : request(data:{"data":{"count":0,"countTotal":0,"orders":[]},"code":"0","request_id":"2101012116372086039433936"}), response: api.lazada.lazop.api.LazopResponse@2b66750b
18/11/2021 11:10:13.629 : ERRROR: {process.GetOrders} : request(data:{"data":{"count":0,"countTotal":0,"orders":[]},"code":"0","request_id":"21011db716372086143166561"}), response: api.lazada.lazop.api.LazopResponse@1786fa4a
18/11/2021 11:10:23.872 : ERRROR: {process.GetOrders} : request(data:{"data":{"count":0,"countTotal":0,"orders":[]},"code":"0","request_id":"21010ec116372086245626404"}), response: api.lazada.lazop.api.LazopResponse@339a89c2
18/11/2021 11:10:34.120 : ERRROR: {process.GetOrders} : request(data:{"data":{"count":0,"countTotal":0,"orders":[]},"code":"0","request_id":"2101192016372086347977093"}), response: api.lazada.lazop.api.LazopResponse@db97070
18/11/2021 11:10:44.400 : ERRROR: {process.GetOrders} : request(data:{"data":{"count":0,"countTotal":0,"orders":[]},"code":"0","request_id":"2101745416372086450892049"}), response: api.lazada.lazop.api.LazopResponse@7c0e273e
18/11/2021 11:10:54.636 : ERRROR: {process.GetOrders} : request(data:{"data":{"count":0,"countTotal":0,"orders":[]},"code":"0","request_id":"21011db716372086553272435"}), response: api.lazada.lazop.api.LazopResponse@19544676
18/11/2021 11:11:04.871 : ERRROR: {process.GetOrders} : request(data:{"data":{"count":0,"countTotal":0,"orders":[]},"code":"0","request_id":"21010ec116372086655582302"}), response: api.lazada.lazop.api.LazopResponse@4d540689
18/11/2021 11:11:15.173 : ERRROR: {process.GetOrders} : request(data:{"data":{"count":0,"countTotal":0,"orders":[]},"code":"0","request_id":"2101211e16372086758561836"}), response: api.lazada.lazop.api.LazopResponse@5cae9622
18/11/2021 11:11:25.418 : ERRROR: {process.GetOrders} : request(data:{"data":{"count":0,"countTotal":0,"orders":[]},"code":"0","request_id":"2101211e16372086861102894"}), response: api.lazada.lazop.api.LazopResponse@42f11c58
18/11/2021 11:11:35.653 : ERRROR: {process.GetOrders} : request(data:{"data":{"count":0,"countTotal":0,"orders":[]},"code":"0","request_id":"2101192016372086963364971"}), response: api.lazada.lazop.api.LazopResponse@2328da54
18/11/2021 11:11:45.895 : ERRROR: {process.GetOrders} : request(data:{"data":{"count":0,"countTotal":0,"orders":[]},"code":"0","request_id":"2101012116372087065795908"}), response: api.lazada.lazop.api.LazopResponse@615b293f
18/11/2021 11:11:56.130 : ERRROR: {process.GetOrders} : request(data:{"data":{"count":0,"countTotal":0,"orders":[]},"code":"0","request_id":"2101012116372087168176875"}), response: api.lazada.lazop.api.LazopResponse@6689b3ba
18/11/2021 11:12:06.394 : ERRROR: {process.GetOrders} : request(data:{"data":{"count":0,"countTotal":0,"orders":[]},"code":"0","request_id":"210110a516372087270758178"}), response: api.lazada.lazop.api.LazopResponse@2a28480a
18/11/2021 11:12:16.725 : ERRROR: {process.GetOrders} : request(data:{"data":{"count":0,"countTotal":0,"orders":[]},"code":"0","request_id":"2101012116372087374168777"}), response: api.lazada.lazop.api.LazopResponse@5666f3f5
18/11/2021 11:12:27.083 : ERRROR: {process.GetOrders} : request(data:{"data":{"count":0,"countTotal":0,"orders":[]},"code":"0","request_id":"2101745416372087477573880"}), response: api.lazada.lazop.api.LazopResponse@2d0dee6e
18/11/2021 11:12:37.415 : ERRROR: {process.GetOrders} : request(data:{"data":{"count":0,"countTotal":0,"orders":[]},"code":"0","request_id":"21010ec116372087581003043"}), response: api.lazada.lazop.api.LazopResponse@2d0b7f1d
18/11/2021 11:12:47.747 : ERRROR: {process.GetOrders} : request(data:{"data":{"count":0,"countTotal":0,"orders":[]},"code":"0","request_id":"2101745416372087684335648"}), response: api.lazada.lazop.api.LazopResponse@4a8cbf54
18/11/2021 11:12:58.015 : ERRROR: {process.GetOrders} : request(data:{"data":{"count":0,"countTotal":0,"orders":[]},"code":"0","request_id":"2101211e16372087787053329"}), response: api.lazada.lazop.api.LazopResponse@1a01440d
18/11/2021 11:13:08.252 : ERRROR: {process.GetOrders} : request(data:{"data":{"count":0,"countTotal":0,"orders":[]},"code":"0","request_id":"2101211e16372087889454327"}), response: api.lazada.lazop.api.LazopResponse@56cc67cc
18/11/2021 11:13:18.581 : ERRROR: {process.GetOrders} : request(data:{"data":{"count":0,"countTotal":0,"orders":[]},"code":"0","request_id":"2101192016372087992596445"}), response: api.lazada.lazop.api.LazopResponse@4d95cc70
18/11/2021 11:13:28.846 : ERRROR: {process.GetOrders} : request(data:{"data":{"count":0,"countTotal":0,"orders":[]},"code":"0","request_id":"210110a516372088095127612"}), response: api.lazada.lazop.api.LazopResponse@69e919f2
18/11/2021 11:13:39.609 : ERRROR: {process.GetOrders} : request(data:{"data":{"count":0,"countTotal":0,"orders":[]},"code":"0","request_id":"21010ec116372088201588558"}), response: api.lazada.lazop.api.LazopResponse@2e16aee9
18/11/2021 11:14:00.173 : ERRROR: {process.GetOrders} : request(data:{"data":{"count":0,"countTotal":0,"orders":[]},"code":"0","request_id":"2101192016372088405652000"}), response: api.lazada.lazop.api.LazopResponse@3f43b0c9
18/11/2021 11:14:13.395 : ERRROR: {process.GetOrders} : request(data:{"data":{"count":0,"countTotal":0,"orders":[]},"code":"0","request_id":"21010ec116372088536993329"}), response: api.lazada.lazop.api.LazopResponse@6ef6216b
18/11/2021 11:14:23.677 : ERRROR: {process.GetOrders} : request(data:{"data":{"count":0,"countTotal":0,"orders":[]},"code":"0","request_id":"210110a516372088643744348"}), response: api.lazada.lazop.api.LazopResponse@6a199956
18/11/2021 11:14:33.965 : ERRROR: {process.GetOrders} : request(data:{"data":{"count":0,"countTotal":0,"orders":[]},"code":"0","request_id":"2101012116372088746214911"}), response: api.lazada.lazop.api.LazopResponse@77a353f1
18/11/2021 11:14:41.234 : INFO: {Thread.LoadConfig} : Load file config success
18/11/2021 11:14:44.212 : ERRROR: {process.GetOrders} : request(data:{"data":{"count":0,"countTotal":0,"orders":[]},"code":"0","request_id":"21011db716372088848997367"}), response: api.lazada.lazop.api.LazopResponse@585689e8
18/11/2021 11:14:54.467 : ERRROR: {process.GetOrders} : request(data:{"data":{"count":0,"countTotal":0,"orders":[]},"code":"0","request_id":"2101192016372088951546821"}), response: api.lazada.lazop.api.LazopResponse@68c446ed
18/11/2021 11:15:04.715 : ERRROR: {process.GetOrders} : request(data:{"data":{"count":0,"countTotal":0,"orders":[]},"code":"0","request_id":"2101745416372089054041903"}), response: api.lazada.lazop.api.LazopResponse@28f182c9
18/11/2021 11:15:15.028 : ERRROR: {process.GetOrders} : request(data:{"data":{"count":0,"countTotal":0,"orders":[]},"code":"0","request_id":"21011db716372089157272444"}), response: api.lazada.lazop.api.LazopResponse@54badb27
18/11/2021 11:15:25.321 : ERRROR: {process.GetOrders} : request(data:{"data":{"count":0,"countTotal":0,"orders":[]},"code":"0","request_id":"210110a516372089260162365"}), response: api.lazada.lazop.api.LazopResponse@46ed32ea
18/11/2021 11:15:35.603 : ERRROR: {process.GetOrders} : request(data:{"data":{"count":0,"countTotal":0,"orders":[]},"code":"0","request_id":"210110a516372089362483350"}), response: api.lazada.lazop.api.LazopResponse@27b00612
18/11/2021 11:15:45.880 : ERRROR: {process.GetOrders} : request(data:{"data":{"count":0,"countTotal":0,"orders":[]},"code":"0","request_id":"2101012116372089465334126"}), response: api.lazada.lazop.api.LazopResponse@2ce06fd5
18/11/2021 11:15:56.177 : ERRROR: {process.GetOrders} : request(data:{"data":{"count":0,"countTotal":0,"orders":[]},"code":"0","request_id":"2101012116372089568455162"}), response: api.lazada.lazop.api.LazopResponse@79894402
18/11/2021 11:16:06.414 : ERRROR: {process.GetOrders} : request(data:{"data":{"count":0,"countTotal":0,"orders":[]},"code":"0","request_id":"2101211e16372089671094996"}), response: api.lazada.lazop.api.LazopResponse@4457d470
18/11/2021 11:16:16.668 : ERRROR: {process.GetOrders} : request(data:{"data":{"count":0,"countTotal":0,"orders":[]},"code":"0","request_id":"210110a516372089773617611"}), response: api.lazada.lazop.api.LazopResponse@4a19952a
18/11/2021 11:16:27.005 : ERRROR: {process.GetOrders} : request(data:{"data":{"count":0,"countTotal":0,"orders":[]},"code":"0","request_id":"2101745416372089876992342"}), response: api.lazada.lazop.api.LazopResponse@5f29d379
18/11/2021 11:16:37.256 : ERRROR: {process.GetOrders} : request(data:{"data":{"count":0,"countTotal":0,"orders":[]},"code":"0","request_id":"2101012116372089979491294"}), response: api.lazada.lazop.api.LazopResponse@3710a2cc
18/11/2021 11:16:47.491 : ERRROR: {process.GetOrders} : request(data:{"data":{"count":0,"countTotal":0,"orders":[]},"code":"0","request_id":"21011db716372090081663814"}), response: api.lazada.lazop.api.LazopResponse@4a725e96
18/11/2021 11:16:57.740 : ERRROR: {process.GetOrders} : request(data:{"data":{"count":0,"countTotal":0,"orders":[]},"code":"0","request_id":"21011db716372090184384781"}), response: api.lazada.lazop.api.LazopResponse@5e1cbd5f
18/11/2021 11:17:08.053 : ERRROR: {process.GetOrders} : request(data:{"data":{"count":0,"countTotal":0,"orders":[]},"code":"0","request_id":"2101192016372090286884523"}), response: api.lazada.lazop.api.LazopResponse@17b1aac
18/11/2021 11:17:18.337 : ERRROR: {process.GetOrders} : request(data:{"data":{"count":0,"countTotal":0,"orders":[]},"code":"0","request_id":"21010ec116372090390235587"}), response: api.lazada.lazop.api.LazopResponse@5110f5b3
18/11/2021 11:17:28.810 : ERRROR: {process.GetOrders} : request(data:{"data":{"count":0,"countTotal":0,"orders":[]},"code":"0","request_id":"2101211e16372090495075166"}), response: api.lazada.lazop.api.LazopResponse@369ed1c9
18/11/2021 11:17:39.052 : ERRROR: {process.GetOrders} : request(data:{"data":{"count":0,"countTotal":0,"orders":[]},"code":"0","request_id":"2101012116372090597507353"}), response: api.lazada.lazop.api.LazopResponse@43f4993b
18/11/2021 11:17:49.289 : ERRROR: {process.GetOrders} : request(data:{"data":{"count":0,"countTotal":0,"orders":[]},"code":"0","request_id":"2101192016372090699848594"}), response: api.lazada.lazop.api.LazopResponse@576efdad
18/11/2021 11:17:59.558 : ERRROR: {process.GetOrders} : request(data:{"data":{"count":0,"countTotal":0,"orders":[]},"code":"0","request_id":"21011db716372090802393228"}), response: api.lazada.lazop.api.LazopResponse@6300ac91
18/11/2021 11:18:09.788 : ERRROR: {process.GetOrders} : request(data:{"data":{"count":0,"countTotal":0,"orders":[]},"code":"0","request_id":"2101211e16372090904781726"}), response: api.lazada.lazop.api.LazopResponse@5a68ac2f
18/11/2021 11:18:20.062 : ERRROR: {process.GetOrders} : request(data:{"data":{"count":0,"countTotal":0,"orders":[]},"code":"0","request_id":"2101192016372091007584282"}), response: api.lazada.lazop.api.LazopResponse@613ef38d
18/11/2021 11:18:30.514 : ERRROR: {process.GetOrders} : request(data:{"data":{"count":0,"countTotal":0,"orders":[]},"code":"0","request_id":"21010ec116372091112045564"}), response: api.lazada.lazop.api.LazopResponse@7f07ada0
18/11/2021 11:18:40.759 : ERRROR: {process.GetOrders} : request(data:{"data":{"count":0,"countTotal":0,"orders":[]},"code":"0","request_id":"2101745416372091214458336"}), response: api.lazada.lazop.api.LazopResponse@7abded97
18/11/2021 11:18:51.027 : ERRROR: {process.GetOrders} : request(data:{"data":{"count":0,"countTotal":0,"orders":[]},"code":"0","request_id":"2101745416372091317181339"}), response: api.lazada.lazop.api.LazopResponse@2f693556
18/11/2021 11:19:01.257 : ERRROR: {process.GetOrders} : request(data:{"data":{"count":0,"countTotal":0,"orders":[]},"code":"0","request_id":"2101192016372091419468326"}), response: api.lazada.lazop.api.LazopResponse@2d8dac1e
18/11/2021 11:19:11.503 : ERRROR: {process.GetOrders} : request(data:{"data":{"count":0,"countTotal":0,"orders":[]},"code":"0","request_id":"2101192016372091521791198"}), response: api.lazada.lazop.api.LazopResponse@dca988b
18/11/2021 11:19:21.800 : ERRROR: {process.GetOrders} : request(data:{"data":{"count":0,"countTotal":0,"orders":[]},"code":"0","request_id":"210110a516372091624712305"}), response: api.lazada.lazop.api.LazopResponse@55fdd070
18/11/2021 11:19:32.105 : ERRROR: {process.GetOrders} : request(data:{"data":{"count":0,"countTotal":0,"orders":[]},"code":"0","request_id":"2101192016372091727973065"}), response: api.lazada.lazop.api.LazopResponse@7aadd66c
18/11/2021 11:19:41.246 : INFO: {Thread.LoadConfig} : Load file config success
18/11/2021 11:19:42.320 : ERRROR: {process.GetOrders} : request(data:{"data":{"count":0,"countTotal":0,"orders":[]},"code":"0","request_id":"210110a516372091830164121"}), response: api.lazada.lazop.api.LazopResponse@31a2333b
18/11/2021 11:19:52.566 : ERRROR: {process.GetOrders} : request(data:{"data":{"count":0,"countTotal":0,"orders":[]},"code":"0","request_id":"21010ec116372091932585049"}), response: api.lazada.lazop.api.LazopResponse@6ca781c8
18/11/2021 11:20:02.798 : ERRROR: {process.GetOrders} : request(data:{"data":{"count":0,"countTotal":0,"orders":[]},"code":"0","request_id":"21010ec116372092034985904"}), response: api.lazada.lazop.api.LazopResponse@7d872948
18/11/2021 11:20:13.048 : ERRROR: {process.GetOrders} : request(data:{"data":{"count":0,"countTotal":0,"orders":[]},"code":"0","request_id":"2101192016372092137256841"}), response: api.lazada.lazop.api.LazopResponse@77d06d9a
18/11/2021 11:20:23.323 : ERRROR: {process.GetOrders} : request(data:{"data":{"count":0,"countTotal":0,"orders":[]},"code":"0","request_id":"210110a516372092239678250"}), response: api.lazada.lazop.api.LazopResponse@2ebabb3d
18/11/2021 11:20:33.591 : ERRROR: {process.GetOrders} : request(data:{"data":{"count":0,"countTotal":0,"orders":[]},"code":"0","request_id":"21011db716372092342892522"}), response: api.lazada.lazop.api.LazopResponse@3307150b
18/11/2021 11:20:43.801 : ERRROR: {process.GetOrders} : request(data:{"data":{"count":0,"countTotal":0,"orders":[]},"code":"0","request_id":"21010ec116372092445022562"}), response: api.lazada.lazop.api.LazopResponse@40b72d0a
18/11/2021 11:20:54.047 : ERRROR: {process.GetOrders} : request(data:{"data":{"count":0,"countTotal":0,"orders":[]},"code":"0","request_id":"2101745416372092547405614"}), response: api.lazada.lazop.api.LazopResponse@1a1198ff
18/11/2021 11:21:04.285 : ERRROR: {process.GetOrders} : request(data:{"data":{"count":0,"countTotal":0,"orders":[]},"code":"0","request_id":"2101012116372092649794874"}), response: api.lazada.lazop.api.LazopResponse@62abdb7c
18/11/2021 11:21:14.520 : ERRROR: {process.GetOrders} : request(data:{"data":{"count":0,"countTotal":0,"orders":[]},"code":"0","request_id":"210110a516372092752136878"}), response: api.lazada.lazop.api.LazopResponse@44b6fd23
18/11/2021 11:21:24.788 : ERRROR: {process.GetOrders} : request(data:{"data":{"count":0,"countTotal":0,"orders":[]},"code":"0","request_id":"2101211e16372092854636930"}), response: api.lazada.lazop.api.LazopResponse@3aea87db
18/11/2021 11:21:33.775 : INFO: {Thread.LoadConfig} : Load file config success
18/11/2021 11:21:35.936 : ERRROR: {process.GetOrders} : request(data:{"data":{"count":0,"countTotal":0,"orders":[]},"code":"0","request_id":"2101192016372092966241642"}), response: api.lazada.lazop.api.LazopResponse@6c587a39
18/11/2021 11:26:33.788 : INFO: {Thread.LoadConfig} : Load file config success
18/11/2021 11:29:58.871 : INFO: {Thread.LoadConfig} : Load file config success
18/11/2021 11:30:01.193 : ERRROR: {process.GetOrders} : request(data:{"data":{"count":0,"countTotal":0,"orders":[]},"code":"0","request_id":"2101012116372098018066025"}), response: api.lazada.lazop.api.LazopResponse@f111450
18/11/2021 11:35:58.410 : INFO: {Thread.LoadConfig} : Load file config success
18/11/2021 11:35:59.960 : INFO: {Thread.LoadConfig} : Loi doc file config (org.json.JSONException: No value for access_token)
18/11/2021 11:35:59.983 : ERRROR: {process.GetOrders} : request(data:{"data":{"count":0,"countTotal":0,"orders":[]},"code":"0","request_id":"21011db716372101606418644"}), response: api.lazada.lazop.api.LazopResponse@5d9379c7
18/11/2021 11:36:10.238 : ERRROR: {process.GetOrders} : request(data:{"data":{"count":0,"countTotal":0,"orders":[]},"code":"0","request_id":"21011db716372101709421373"}), response: api.lazada.lazop.api.LazopResponse@79905c11
18/11/2021 11:36:20.473 : ERRROR: {process.GetOrders} : request(data:{"data":{"count":0,"countTotal":0,"orders":[]},"code":"0","request_id":"2101211e16372101811797707"}), response: api.lazada.lazop.api.LazopResponse@12d005a6
18/11/2021 11:36:30.718 : ERRROR: {process.GetOrders} : request(data:{"data":{"count":0,"countTotal":0,"orders":[]},"code":"0","request_id":"2101012116372101914171462"}), response: api.lazada.lazop.api.LazopResponse@2229cc02
18/11/2021 11:36:40.946 : ERRROR: {process.GetOrders} : request(data:{"data":{"count":0,"countTotal":0,"orders":[]},"code":"0","request_id":"210110a516372102016552588"}), response: api.lazada.lazop.api.LazopResponse@511d9137
18/11/2021 11:36:50.679 : INFO: {Thread.LoadConfig} : Load file config success
18/11/2021 11:36:52.419 : ERRROR: {process.GetOrders} : request(data:{"data":{"count":0,"countTotal":0,"orders":[]},"code":"0","request_id":"2101192016372102131013357"}), response: api.lazada.lazop.api.LazopResponse@47e84d46
18/11/2021 11:37:02.669 : ERRROR: {process.GetOrders} : request(data:{"data":{"count":0,"countTotal":0,"orders":[]},"code":"0","request_id":"21011db716372102233385475"}), response: api.lazada.lazop.api.LazopResponse@3e194967
18/11/2021 11:37:12.913 : ERRROR: {process.GetOrders} : request(data:{"data":{"count":0,"countTotal":0,"orders":[]},"code":"0","request_id":"2101745416372102336107285"}), response: api.lazada.lazop.api.LazopResponse@3fc09e20
18/11/2021 11:37:26.576 : INFO: {Thread.LoadConfig} : Load file config success
18/11/2021 11:37:28.637 : INFO: {Thread.LoadConfig} : Loi doc file config (org.json.JSONException: No value for access_token)
18/11/2021 11:37:28.637 : ERRROR: {process.GetOrders} : request(data:{"data":{"count":0,"countTotal":0,"orders":[]},"code":"0","request_id":"210110a516372102493376882"}), response: api.lazada.lazop.api.LazopResponse@5e4278ba
18/11/2021 11:37:38.877 : ERRROR: {process.GetOrders} : request(data:{"data":{"count":0,"countTotal":0,"orders":[]},"code":"0","request_id":"2101012116372102595817144"}), response: api.lazada.lazop.api.LazopResponse@6476a7cd
18/11/2021 11:37:52.009 : INFO: {Thread.LoadConfig} : Load file config success
18/11/2021 11:37:53.504 : ERRROR: {process.GetOrders} : request(data:{"data":{"count":0,"countTotal":0,"orders":[]},"code":"0","request_id":"2101745416372102742002552"}), response: api.lazada.lazop.api.LazopResponse@48940002
18/11/2021 11:38:03.818 : ERRROR: {process.GetOrders} : request(data:{"data":{"count":0,"countTotal":0,"orders":[]},"code":"0","request_id":"21010ec116372102844811485"}), response: api.lazada.lazop.api.LazopResponse@2a618307
18/11/2021 11:38:14.072 : ERRROR: {process.GetOrders} : request(data:{"data":{"count":0,"countTotal":0,"orders":[]},"code":"0","request_id":"2101012116372102947751892"}), response: api.lazada.lazop.api.LazopResponse@7cf4c5ff
18/11/2021 11:38:24.303 : ERRROR: {process.GetOrders} : request(data:{"data":{"count":0,"countTotal":0,"orders":[]},"code":"0","request_id":"2101012116372103050112713"}), response: api.lazada.lazop.api.LazopResponse@46bdbfe
18/11/2021 11:38:34.526 : ERRROR: {process.GetOrders} : request(data:{"data":{"count":0,"countTotal":0,"orders":[]},"code":"0","request_id":"2101211e16372103152332506"}), response: api.lazada.lazop.api.LazopResponse@4d2f0197
18/11/2021 11:38:44.769 : ERRROR: {process.GetOrders} : request(data:{"data":{"count":0,"countTotal":0,"orders":[]},"code":"0","request_id":"2101745416372103254746511"}), response: api.lazada.lazop.api.LazopResponse@6de3d870
18/11/2021 11:38:55.210 : ERRROR: {process.GetOrders} : request(data:{"data":{"count":0,"countTotal":0,"orders":[]},"code":"0","request_id":"2101012116372103359134936"}), response: api.lazada.lazop.api.LazopResponse@171f305d
18/11/2021 11:39:05.493 : ERRROR: {process.GetOrders} : request(data:{"data":{"count":0,"countTotal":0,"orders":[]},"code":"0","request_id":"21010ec116372103461726118"}), response: api.lazada.lazop.api.LazopResponse@527e700c
18/11/2021 11:39:15.757 : ERRROR: {process.GetOrders} : request(data:{"data":{"count":0,"countTotal":0,"orders":[]},"code":"0","request_id":"2101211e16372103564645465"}), response: api.lazada.lazop.api.LazopResponse@48e7c19b
18/11/2021 11:39:26.004 : ERRROR: {process.GetOrders} : request(data:{"data":{"count":0,"countTotal":0,"orders":[]},"code":"0","request_id":"21010ec116372103667117653"}), response: api.lazada.lazop.api.LazopResponse@1afc62ec
18/11/2021 11:39:36.268 : ERRROR: {process.GetOrders} : request(data:{"data":{"count":0,"countTotal":0,"orders":[]},"code":"0","request_id":"2101192016372103769748153"}), response: api.lazada.lazop.api.LazopResponse@7720637f
18/11/2021 11:39:46.591 : ERRROR: {process.GetOrders} : request(data:{"data":{"count":0,"countTotal":0,"orders":[]},"code":"0","request_id":"210110a516372103872551131"}), response: api.lazada.lazop.api.LazopResponse@562f4b8
18/11/2021 11:39:56.885 : ERRROR: {process.GetOrders} : request(data:{"data":{"count":0,"countTotal":0,"orders":[]},"code":"0","request_id":"210110a516372103975931893"}), response: api.lazada.lazop.api.LazopResponse@4450b383
18/11/2021 11:40:07.175 : ERRROR: {process.GetOrders} : request(data:{"data":{"count":0,"countTotal":0,"orders":[]},"code":"0","request_id":"2101745416372104078494624"}), response: api.lazada.lazop.api.LazopResponse@52381fe4
18/11/2021 11:40:17.427 : ERRROR: {process.GetOrders} : request(data:{"data":{"count":0,"countTotal":0,"orders":[]},"code":"0","request_id":"2101211e16372104181312492"}), response: api.lazada.lazop.api.LazopResponse@5e93b2a4
18/11/2021 11:40:27.675 : ERRROR: {process.GetOrders} : request(data:{"data":{"count":0,"countTotal":0,"orders":[]},"code":"0","request_id":"2101192016372104283844534"}), response: api.lazada.lazop.api.LazopResponse@18c59815
18/11/2021 11:40:37.909 : ERRROR: {process.GetOrders} : request(data:{"data":{"count":0,"countTotal":0,"orders":[]},"code":"0","request_id":"210110a516372104386175535"}), response: api.lazada.lazop.api.LazopResponse@5d739af
18/11/2021 11:40:48.142 : ERRROR: {process.GetOrders} : request(data:{"data":{"count":0,"countTotal":0,"orders":[]},"code":"0","request_id":"21011db716372104488487453"}), response: api.lazada.lazop.api.LazopResponse@78bc3920
18/11/2021 11:40:58.451 : ERRROR: {process.GetOrders} : request(data:{"data":{"count":0,"countTotal":0,"orders":[]},"code":"0","request_id":"2101211e16372104591545778"}), response: api.lazada.lazop.api.LazopResponse@a302101
18/11/2021 11:41:08.724 : ERRROR: {process.GetOrders} : request(data:{"data":{"count":0,"countTotal":0,"orders":[]},"code":"0","request_id":"2101192016372104693967899"}), response: api.lazada.lazop.api.LazopResponse@26761ae6
18/11/2021 11:41:18.959 : ERRROR: {process.GetOrders} : request(data:{"data":{"count":0,"countTotal":0,"orders":[]},"code":"0","request_id":"2101192016372104796718839"}), response: api.lazada.lazop.api.LazopResponse@20339175
18/11/2021 11:41:29.264 : ERRROR: {process.GetOrders} : request(data:{"data":{"count":0,"countTotal":0,"orders":[]},"code":"0","request_id":"2101192016372104899671717"}), response: api.lazada.lazop.api.LazopResponse@33f48c15
18/11/2021 11:41:39.486 : ERRROR: {process.GetOrders} : request(data:{"data":{"count":0,"countTotal":0,"orders":[]},"code":"0","request_id":"21011db716372105001943885"}), response: api.lazada.lazop.api.LazopResponse@4faedbf8
18/11/2021 11:41:49.812 : ERRROR: {process.GetOrders} : request(data:{"data":{"count":0,"countTotal":0,"orders":[]},"code":"0","request_id":"21010ec116372105105213447"}), response: api.lazada.lazop.api.LazopResponse@72d50fc1
18/11/2021 11:42:00.043 : ERRROR: {process.GetOrders} : request(data:{"data":{"count":0,"countTotal":0,"orders":[]},"code":"0","request_id":"2101211e16372105207542756"}), response: api.lazada.lazop.api.LazopResponse@748cca11
18/11/2021 11:42:10.315 : ERRROR: {process.GetOrders} : request(data:{"data":{"count":0,"countTotal":0,"orders":[]},"code":"0","request_id":"2101745416372105309936877"}), response: api.lazada.lazop.api.LazopResponse@60020258
18/11/2021 11:42:20.581 : ERRROR: {process.GetOrders} : request(data:{"data":{"count":0,"countTotal":0,"orders":[]},"code":"0","request_id":"210110a516372105412835896"}), response: api.lazada.lazop.api.LazopResponse@61f9a6b0
18/11/2021 11:42:30.877 : ERRROR: {process.GetOrders} : request(data:{"data":{"count":0,"countTotal":0,"orders":[]},"code":"0","request_id":"2101211e16372105515845221"}), response: api.lazada.lazop.api.LazopResponse@73f8bc8
18/11/2021 11:42:41.114 : ERRROR: {process.GetOrders} : request(data:{"data":{"count":0,"countTotal":0,"orders":[]},"code":"0","request_id":"21010ec116372105618257210"}), response: api.lazada.lazop.api.LazopResponse@6d74919f
18/11/2021 11:42:51.350 : ERRROR: {process.GetOrders} : request(data:{"data":{"count":0,"countTotal":0,"orders":[]},"code":"0","request_id":"2101211e16372105720606561"}), response: api.lazada.lazop.api.LazopResponse@504ea670
18/11/2021 11:42:52.015 : INFO: {Thread.LoadConfig} : Load file config success
18/11/2021 11:43:01.830 : ERRROR: {process.GetOrders} : request(data:{"data":{"count":0,"countTotal":0,"orders":[]},"code":"0","request_id":"2101012116372105825388375"}), response: api.lazada.lazop.api.LazopResponse@5e747c24
18/11/2021 11:43:12.092 : ERRROR: {process.GetOrders} : request(data:{"data":{"count":0,"countTotal":0,"orders":[]},"code":"0","request_id":"2101211e16372105927678220"}), response: api.lazada.lazop.api.LazopResponse@5f65ffbb
18/11/2021 11:43:22.316 : ERRROR: {process.GetOrders} : request(data:{"data":{"count":0,"countTotal":0,"orders":[]},"code":"0","request_id":"2101745416372106030234288"}), response: api.lazada.lazop.api.LazopResponse@5ccd217b
18/11/2021 11:43:32.570 : ERRROR: {process.GetOrders} : request(data:{"data":{"count":0,"countTotal":0,"orders":[]},"code":"0","request_id":"21010ec116372106132773114"}), response: api.lazada.lazop.api.LazopResponse@2a79df23
18/11/2021 11:43:42.812 : ERRROR: {process.GetOrders} : request(data:{"data":{"count":0,"countTotal":0,"orders":[]},"code":"0","request_id":"2101745416372106235225675"}), response: api.lazada.lazop.api.LazopResponse@293429c5
18/11/2021 11:43:53.056 : ERRROR: {process.GetOrders} : request(data:{"data":{"count":0,"countTotal":0,"orders":[]},"code":"0","request_id":"210110a516372106337644686"}), response: api.lazada.lazop.api.LazopResponse@3e6a83c8
18/11/2021 11:44:03.342 : ERRROR: {process.GetOrders} : request(data:{"data":{"count":0,"countTotal":0,"orders":[]},"code":"0","request_id":"2101745416372106440537275"}), response: api.lazada.lazop.api.LazopResponse@171a6469
18/11/2021 11:44:13.592 : ERRROR: {process.GetOrders} : request(data:{"data":{"count":0,"countTotal":0,"orders":[]},"code":"0","request_id":"2101192016372106542786027"}), response: api.lazada.lazop.api.LazopResponse@5d680c1
18/11/2021 11:44:23.824 : ERRROR: {process.GetOrders} : request(data:{"data":{"count":0,"countTotal":0,"orders":[]},"code":"0","request_id":"210110a516372106645346955"}), response: api.lazada.lazop.api.LazopResponse@c05d3ec
18/11/2021 11:44:34.086 : ERRROR: {process.GetOrders} : request(data:{"data":{"count":0,"countTotal":0,"orders":[]},"code":"0","request_id":"21010ec116372106747937636"}), response: api.lazada.lazop.api.LazopResponse@7c3d304a
18/11/2021 11:44:44.333 : ERRROR: {process.GetOrders} : request(data:{"data":{"count":0,"countTotal":0,"orders":[]},"code":"0","request_id":"2101192016372106850448211"}), response: api.lazada.lazop.api.LazopResponse@3c7fd518
18/11/2021 11:44:54.593 : ERRROR: {process.GetOrders} : request(data:{"data":{"count":0,"countTotal":0,"orders":[]},"code":"0","request_id":"2101745416372106952822842"}), response: api.lazada.lazop.api.LazopResponse@50627996
18/11/2021 11:45:04.905 : ERRROR: {process.GetOrders} : request(data:{"data":{"count":0,"countTotal":0,"orders":[]},"code":"0","request_id":"21010ec116372107056161800"}), response: api.lazada.lazop.api.LazopResponse@5deeb54c
18/11/2021 11:45:15.151 : ERRROR: {process.GetOrders} : request(data:{"data":{"count":0,"countTotal":0,"orders":[]},"code":"0","request_id":"2101745416372107158444617"}), response: api.lazada.lazop.api.LazopResponse@518d722d
18/11/2021 11:45:25.414 : ERRROR: {process.GetOrders} : request(data:{"data":{"count":0,"countTotal":0,"orders":[]},"code":"0","request_id":"2101012116372107261073238"}), response: api.lazada.lazop.api.LazopResponse@7137a6c3
18/11/2021 11:45:35.683 : ERRROR: {process.GetOrders} : request(data:{"data":{"count":0,"countTotal":0,"orders":[]},"code":"0","request_id":"210110a516372107363874436"}), response: api.lazada.lazop.api.LazopResponse@3c690f02
18/11/2021 11:45:45.945 : ERRROR: {process.GetOrders} : request(data:{"data":{"count":0,"countTotal":0,"orders":[]},"code":"0","request_id":"2101012116372107466564586"}), response: api.lazada.lazop.api.LazopResponse@5dfb8845
18/11/2021 11:45:56.188 : ERRROR: {process.GetOrders} : request(data:{"data":{"count":0,"countTotal":0,"orders":[]},"code":"0","request_id":"21010ec116372107568995552"}), response: api.lazada.lazop.api.LazopResponse@61480ea1
18/11/2021 11:46:06.482 : ERRROR: {process.GetOrders} : request(data:{"data":{"count":0,"countTotal":0,"orders":[]},"code":"0","request_id":"210110a516372107671946765"}), response: api.lazada.lazop.api.LazopResponse@405118b7
18/11/2021 11:46:16.718 : ERRROR: {process.GetOrders} : request(data:{"data":{"count":0,"countTotal":0,"orders":[]},"code":"0","request_id":"21010ec116372107774237903"}), response: api.lazada.lazop.api.LazopResponse@5a987177
18/11/2021 11:46:27.024 : ERRROR: {process.GetOrders} : request(data:{"data":{"count":0,"countTotal":0,"orders":[]},"code":"0","request_id":"2101192016372107877098746"}), response: api.lazada.lazop.api.LazopResponse@2c90d97b
18/11/2021 11:46:37.275 : ERRROR: {process.GetOrders} : request(data:{"data":{"count":0,"countTotal":0,"orders":[]},"code":"0","request_id":"210110a516372107979881993"}), response: api.lazada.lazop.api.LazopResponse@5205ccda
18/11/2021 11:46:47.773 : ERRROR: {process.GetOrders} : request(data:{"data":{"count":0,"countTotal":0,"orders":[]},"code":"0","request_id":"2101192016372108084782991"}), response: api.lazada.lazop.api.LazopResponse@6744faca
18/11/2021 11:46:58.011 : ERRROR: {process.GetOrders} : request(data:{"data":{"count":0,"countTotal":0,"orders":[]},"code":"0","request_id":"21010ec116372108187214356"}), response: api.lazada.lazop.api.LazopResponse@1250a1ab
18/11/2021 11:47:08.366 : ERRROR: {process.GetOrders} : request(data:{"data":{"count":0,"countTotal":0,"orders":[]},"code":"0","request_id":"2101211e16372108290424131"}), response: api.lazada.lazop.api.LazopResponse@728d0848
18/11/2021 11:47:18.604 : ERRROR: {process.GetOrders} : request(data:{"data":{"count":0,"countTotal":0,"orders":[]},"code":"0","request_id":"21011db716372108393027597"}), response: api.lazada.lazop.api.LazopResponse@3bf28e5a
18/11/2021 11:47:28.873 : ERRROR: {process.GetOrders} : request(data:{"data":{"count":0,"countTotal":0,"orders":[]},"code":"0","request_id":"210110a516372108495787285"}), response: api.lazada.lazop.api.LazopResponse@2132818e
18/11/2021 11:47:39.116 : ERRROR: {process.GetOrders} : request(data:{"data":{"count":0,"countTotal":0,"orders":[]},"code":"0","request_id":"2101012116372108598217702"}), response: api.lazada.lazop.api.LazopResponse@3ffd8a83
18/11/2021 11:47:49.347 : ERRROR: {process.GetOrders} : request(data:{"data":{"count":0,"countTotal":0,"orders":[]},"code":"0","request_id":"2101192016372108700618761"}), response: api.lazada.lazop.api.LazopResponse@6c91feff
18/11/2021 11:47:52.027 : INFO: {Thread.LoadConfig} : Load file config success
18/11/2021 11:47:59.590 : ERRROR: {process.GetOrders} : request(data:{"data":{"count":0,"countTotal":0,"orders":[]},"code":"0","request_id":"21010ec116372108802991780"}), response: api.lazada.lazop.api.LazopResponse@78de9f0c
18/11/2021 11:48:09.878 : ERRROR: {process.GetOrders} : request(data:{"data":{"count":0,"countTotal":0,"orders":[]},"code":"0","request_id":"21011db716372108905893732"}), response: api.lazada.lazop.api.LazopResponse@5291e468
18/11/2021 11:48:20.155 : ERRROR: {process.GetOrders} : request(data:{"data":{"count":0,"countTotal":0,"orders":[]},"code":"0","request_id":"2101211e16372109008492039"}), response: api.lazada.lazop.api.LazopResponse@7346840e
18/11/2021 11:48:30.383 : ERRROR: {process.GetOrders} : request(data:{"data":{"count":0,"countTotal":0,"orders":[]},"code":"0","request_id":"2101192016372109110994063"}), response: api.lazada.lazop.api.LazopResponse@280a36fc
18/11/2021 11:48:40.649 : ERRROR: {process.GetOrders} : request(data:{"data":{"count":0,"countTotal":0,"orders":[]},"code":"0","request_id":"2101012116372109213374525"}), response: api.lazada.lazop.api.LazopResponse@7fc23346
18/11/2021 11:48:50.890 : ERRROR: {process.GetOrders} : request(data:{"data":{"count":0,"countTotal":0,"orders":[]},"code":"0","request_id":"21010ec116372109316055619"}), response: api.lazada.lazop.api.LazopResponse@14d60640
18/11/2021 11:49:01.148 : ERRROR: {process.GetOrders} : request(data:{"data":{"count":0,"countTotal":0,"orders":[]},"code":"0","request_id":"21011db716372109418387389"}), response: api.lazada.lazop.api.LazopResponse@459cc01a
18/11/2021 11:49:11.432 : ERRROR: {process.GetOrders} : request(data:{"data":{"count":0,"countTotal":0,"orders":[]},"code":"0","request_id":"2101211e16372109521455569"}), response: api.lazada.lazop.api.LazopResponse@27058076
18/11/2021 11:49:21.680 : ERRROR: {process.GetOrders} : request(data:{"data":{"count":0,"countTotal":0,"orders":[]},"code":"0","request_id":"2101745416372109623801427"}), response: api.lazada.lazop.api.LazopResponse@5dbf7bb1
18/11/2021 11:49:31.930 : ERRROR: {process.GetOrders} : request(data:{"data":{"count":0,"countTotal":0,"orders":[]},"code":"0","request_id":"210110a516372109726388291"}), response: api.lazada.lazop.api.LazopResponse@caa1766
18/11/2021 11:49:42.187 : ERRROR: {process.GetOrders} : request(data:{"data":{"count":0,"countTotal":0,"orders":[]},"code":"0","request_id":"2101012116372109828738560"}), response: api.lazada.lazop.api.LazopResponse@2aa1cc17
18/11/2021 11:49:52.431 : ERRROR: {process.GetOrders} : request(data:{"data":{"count":0,"countTotal":0,"orders":[]},"code":"0","request_id":"2101745416372109931323403"}), response: api.lazada.lazop.api.LazopResponse@14d03103
18/11/2021 11:50:02.714 : ERRROR: {process.GetOrders} : request(data:{"data":{"count":0,"countTotal":0,"orders":[]},"code":"0","request_id":"2101745416372110034224081"}), response: api.lazada.lazop.api.LazopResponse@1b4073
18/11/2021 11:50:13.036 : ERRROR: {process.GetOrders} : request(data:{"data":{"count":0,"countTotal":0,"orders":[]},"code":"0","request_id":"2101192016372110137512991"}), response: api.lazada.lazop.api.LazopResponse@2f86ed07
18/11/2021 11:50:23.299 : ERRROR: {process.GetOrders} : request(data:{"data":{"count":0,"countTotal":0,"orders":[]},"code":"0","request_id":"21010ec116372110239954079"}), response: api.lazada.lazop.api.LazopResponse@1b847433
18/11/2021 11:50:33.558 : ERRROR: {process.GetOrders} : request(data:{"data":{"count":0,"countTotal":0,"orders":[]},"code":"0","request_id":"2101192016372110342704541"}), response: api.lazada.lazop.api.LazopResponse@62f31d23
18/11/2021 11:50:43.811 : ERRROR: {process.GetOrders} : request(data:{"data":{"count":0,"countTotal":0,"orders":[]},"code":"0","request_id":"2101745416372110445067227"}), response: api.lazada.lazop.api.LazopResponse@1809f166
18/11/2021 11:50:54.081 : ERRROR: {process.GetOrders} : request(data:{"data":{"count":0,"countTotal":0,"orders":[]},"code":"0","request_id":"2101211e16372110547954822"}), response: api.lazada.lazop.api.LazopResponse@498dbed0
18/11/2021 11:51:04.298 : ERRROR: {process.GetOrders} : request(data:{"data":{"count":0,"countTotal":0,"orders":[]},"code":"0","request_id":"21011db716372110650108057"}), response: api.lazada.lazop.api.LazopResponse@9315803
18/11/2021 11:51:14.596 : ERRROR: {process.GetOrders} : request(data:{"data":{"count":0,"countTotal":0,"orders":[]},"code":"0","request_id":"2101211e16372110753026276"}), response: api.lazada.lazop.api.LazopResponse@77318f1d
18/11/2021 11:51:24.906 : ERRROR: {process.GetOrders} : request(data:{"data":{"count":0,"countTotal":0,"orders":[]},"code":"0","request_id":"21011db716372110856031474"}), response: api.lazada.lazop.api.LazopResponse@30fd02ee
18/11/2021 11:51:35.140 : ERRROR: {process.GetOrders} : request(data:{"data":{"count":0,"countTotal":0,"orders":[]},"code":"0","request_id":"21011db716372110958532173"}), response: api.lazada.lazop.api.LazopResponse@38f988c3
18/11/2021 11:51:45.418 : ERRROR: {process.GetOrders} : request(data:{"data":{"count":0,"countTotal":0,"orders":[]},"code":"0","request_id":"2101211e16372111061278352"}), response: api.lazada.lazop.api.LazopResponse@542de403
18/11/2021 11:51:55.651 : ERRROR: {process.GetOrders} : request(data:{"data":{"count":0,"countTotal":0,"orders":[]},"code":"0","request_id":"2101012116372111163502054"}), response: api.lazada.lazop.api.LazopResponse@5d1db5c9
18/11/2021 11:52:05.875 : ERRROR: {process.GetOrders} : request(data:{"data":{"count":0,"countTotal":0,"orders":[]},"code":"0","request_id":"21010ec116372111265903131"}), response: api.lazada.lazop.api.LazopResponse@1583bcbb
18/11/2021 11:52:16.187 : ERRROR: {process.GetOrders} : request(data:{"data":{"count":0,"countTotal":0,"orders":[]},"code":"0","request_id":"2101745416372111369045704"}), response: api.lazada.lazop.api.LazopResponse@47f7378e
18/11/2021 11:52:26.440 : ERRROR: {process.GetOrders} : request(data:{"data":{"count":0,"countTotal":0,"orders":[]},"code":"0","request_id":"21010ec116372111471434516"}), response: api.lazada.lazop.api.LazopResponse@2eb5409d
18/11/2021 11:52:36.669 : ERRROR: {process.GetOrders} : request(data:{"data":{"count":0,"countTotal":0,"orders":[]},"code":"0","request_id":"210110a516372111573855143"}), response: api.lazada.lazop.api.LazopResponse@6e9bcc28
18/11/2021 11:52:46.915 : ERRROR: {process.GetOrders} : request(data:{"data":{"count":0,"countTotal":0,"orders":[]},"code":"0","request_id":"210110a516372111676115721"}), response: api.lazada.lazop.api.LazopResponse@7d14040c
18/11/2021 11:52:52.037 : INFO: {Thread.LoadConfig} : Load file config success
18/11/2021 11:52:57.211 : ERRROR: {process.GetOrders} : request(data:{"data":{"count":0,"countTotal":0,"orders":[]},"code":"0","request_id":"2101012116372111779025842"}), response: api.lazada.lazop.api.LazopResponse@6b225ce2
18/11/2021 11:53:07.484 : ERRROR: {process.GetOrders} : request(data:{"data":{"count":0,"countTotal":0,"orders":[]},"code":"0","request_id":"2101192016372111881926629"}), response: api.lazada.lazop.api.LazopResponse@ccb1d53
18/11/2021 11:53:17.876 : ERRROR: {process.GetOrders} : request(data:{"data":{"count":0,"countTotal":0,"orders":[]},"code":"0","request_id":"21010ec116372111985897332"}), response: api.lazada.lazop.api.LazopResponse@b6e12b2
18/11/2021 11:53:28.136 : ERRROR: {process.GetOrders} : request(data:{"data":{"count":0,"countTotal":0,"orders":[]},"code":"0","request_id":"2101012116372112088357520"}), response: api.lazada.lazop.api.LazopResponse@6453ee39
18/11/2021 11:53:38.394 : ERRROR: {process.GetOrders} : request(data:{"data":{"count":0,"countTotal":0,"orders":[]},"code":"0","request_id":"2101211e16372112190887129"}), response: api.lazada.lazop.api.LazopResponse@7db5fd17
18/11/2021 11:53:48.630 : ERRROR: {process.GetOrders} : request(data:{"data":{"count":0,"countTotal":0,"orders":[]},"code":"0","request_id":"2101211e16372112293447760"}), response: api.lazada.lazop.api.LazopResponse@e3d90ec
18/11/2021 11:53:58.854 : ERRROR: {process.GetOrders} : request(data:{"data":{"count":0,"countTotal":0,"orders":[]},"code":"0","request_id":"21010ec116372112395651672"}), response: api.lazada.lazop.api.LazopResponse@3b3f0b67
18/11/2021 11:54:09.094 : ERRROR: {process.GetOrders} : request(data:{"data":{"count":0,"countTotal":0,"orders":[]},"code":"0","request_id":"21011db716372112497963491"}), response: api.lazada.lazop.api.LazopResponse@7addf200
18/11/2021 11:54:19.411 : ERRROR: {process.GetOrders} : request(data:{"data":{"count":0,"countTotal":0,"orders":[]},"code":"0","request_id":"21010ec116372112601263029"}), response: api.lazada.lazop.api.LazopResponse@78920cfe
18/11/2021 11:54:29.722 : ERRROR: {process.GetOrders} : request(data:{"data":{"count":0,"countTotal":0,"orders":[]},"code":"0","request_id":"2101012116372112704223225"}), response: api.lazada.lazop.api.LazopResponse@298e6f4d
18/11/2021 11:54:39.967 : ERRROR: {process.GetOrders} : request(data:{"data":{"count":0,"countTotal":0,"orders":[]},"code":"0","request_id":"2101012116372112806843918"}), response: api.lazada.lazop.api.LazopResponse@1e21cccd
18/11/2021 11:54:50.185 : ERRROR: {process.GetOrders} : request(data:{"data":{"count":0,"countTotal":0,"orders":[]},"code":"0","request_id":"210110a516372112909015142"}), response: api.lazada.lazop.api.LazopResponse@6b41b897
18/11/2021 11:55:00.437 : ERRROR: {process.GetOrders} : request(data:{"data":{"count":0,"countTotal":0,"orders":[]},"code":"0","request_id":"2101012116372113011505256"}), response: api.lazada.lazop.api.LazopResponse@3511fb23
18/11/2021 11:55:10.683 : ERRROR: {process.GetOrders} : request(data:{"data":{"count":0,"countTotal":0,"orders":[]},"code":"0","request_id":"21011db716372113113787677"}), response: api.lazada.lazop.api.LazopResponse@6c2d6f50
18/11/2021 11:55:21.014 : ERRROR: {process.GetOrders} : request(data:{"data":{"count":0,"countTotal":0,"orders":[]},"code":"0","request_id":"210110a516372113217317272"}), response: api.lazada.lazop.api.LazopResponse@415374ab
18/11/2021 11:55:31.265 : ERRROR: {process.GetOrders} : request(data:{"data":{"count":0,"countTotal":0,"orders":[]},"code":"0","request_id":"2101012116372113319657386"}), response: api.lazada.lazop.api.LazopResponse@1522eb64
18/11/2021 11:55:41.489 : ERRROR: {process.GetOrders} : request(data:{"data":{"count":0,"countTotal":0,"orders":[]},"code":"0","request_id":"2101012116372113422057940"}), response: api.lazada.lazop.api.LazopResponse@38b33ca2
18/11/2021 11:55:51.734 : ERRROR: {process.GetOrders} : request(data:{"data":{"count":0,"countTotal":0,"orders":[]},"code":"0","request_id":"2101745416372113524422825"}), response: api.lazada.lazop.api.LazopResponse@32454c72
18/11/2021 11:56:02.038 : ERRROR: {process.GetOrders} : request(data:{"data":{"count":0,"countTotal":0,"orders":[]},"code":"0","request_id":"2101745416372113627473447"}), response: api.lazada.lazop.api.LazopResponse@7d3675ce
18/11/2021 11:56:12.325 : ERRROR: {process.GetOrders} : request(data:{"data":{"count":0,"countTotal":0,"orders":[]},"code":"0","request_id":"210110a516372113730122469"}), response: api.lazada.lazop.api.LazopResponse@69e3d41f
18/11/2021 11:56:22.632 : ERRROR: {process.GetOrders} : request(data:{"data":{"count":0,"countTotal":0,"orders":[]},"code":"0","request_id":"2101211e16372113833442060"}), response: api.lazada.lazop.api.LazopResponse@8733adb
18/11/2021 11:56:32.875 : ERRROR: {process.GetOrders} : request(data:{"data":{"count":0,"countTotal":0,"orders":[]},"code":"0","request_id":"2101192016372113935794040"}), response: api.lazada.lazop.api.LazopResponse@27e494ef
18/11/2021 11:56:43.119 : ERRROR: {process.GetOrders} : request(data:{"data":{"count":0,"countTotal":0,"orders":[]},"code":"0","request_id":"21011db716372114038246102"}), response: api.lazada.lazop.api.LazopResponse@47762123
18/11/2021 11:56:53.360 : ERRROR: {process.GetOrders} : request(data:{"data":{"count":0,"countTotal":0,"orders":[]},"code":"0","request_id":"2101012116372114140745421"}), response: api.lazada.lazop.api.LazopResponse@29ec654f
18/11/2021 11:57:03.614 : ERRROR: {process.GetOrders} : request(data:{"data":{"count":0,"countTotal":0,"orders":[]},"code":"0","request_id":"21010ec116372114243146636"}), response: api.lazada.lazop.api.LazopResponse@20f2fee3
18/11/2021 11:57:13.879 : ERRROR: {process.GetOrders} : request(data:{"data":{"count":0,"countTotal":0,"orders":[]},"code":"0","request_id":"2101745416372114345681498"}), response: api.lazada.lazop.api.LazopResponse@1d977cf2
18/11/2021 11:57:24.165 : ERRROR: {process.GetOrders} : request(data:{"data":{"count":0,"countTotal":0,"orders":[]},"code":"0","request_id":"210110a516372114448788733"}), response: api.lazada.lazop.api.LazopResponse@591ce0dc
18/11/2021 11:57:34.419 : ERRROR: {process.GetOrders} : request(data:{"data":{"count":0,"countTotal":0,"orders":[]},"code":"0","request_id":"2101192016372114551151294"}), response: api.lazada.lazop.api.LazopResponse@2505cd34
18/11/2021 11:57:44.679 : ERRROR: {process.GetOrders} : request(data:{"data":{"count":0,"countTotal":0,"orders":[]},"code":"0","request_id":"21011db716372114653933710"}), response: api.lazada.lazop.api.LazopResponse@12894b77
18/11/2021 11:57:52.044 : INFO: {Thread.LoadConfig} : Load file config success
18/11/2021 11:57:54.982 : ERRROR: {process.GetOrders} : request(data:{"data":{"count":0,"countTotal":0,"orders":[]},"code":"0","request_id":"21010ec116372114757003512"}), response: api.lazada.lazop.api.LazopResponse@7d9c1569
18/11/2021 11:58:05.237 : ERRROR: {process.GetOrders} : request(data:{"data":{"count":0,"countTotal":0,"orders":[]},"code":"0","request_id":"210110a516372114859584575"}), response: api.lazada.lazop.api.LazopResponse@4507cc4b
18/11/2021 11:58:15.833 : ERRROR: {process.GetOrders} : request(data:{"data":{"count":0,"countTotal":0,"orders":[]},"code":"0","request_id":"21011db716372114964356784"}), response: api.lazada.lazop.api.LazopResponse@77fc0d8
18/11/2021 11:58:26.229 : ERRROR: {process.GetOrders} : request(data:{"data":{"count":0,"countTotal":0,"orders":[]},"code":"0","request_id":"2101012116372115069186071"}), response: api.lazada.lazop.api.LazopResponse@288917c9
18/11/2021 11:58:36.534 : ERRROR: {process.GetOrders} : request(data:{"data":{"count":0,"countTotal":0,"orders":[]},"code":"0","request_id":"21010ec116372115172357437"}), response: api.lazada.lazop.api.LazopResponse@10b6b11c
18/11/2021 11:58:46.759 : ERRROR: {process.GetOrders} : request(data:{"data":{"count":0,"countTotal":0,"orders":[]},"code":"0","request_id":"21010ec116372115274818439"}), response: api.lazada.lazop.api.LazopResponse@5d7a2ba8
18/11/2021 11:58:57.011 : ERRROR: {process.GetOrders} : request(data:{"data":{"count":0,"countTotal":0,"orders":[]},"code":"0","request_id":"2101192016372115377241040"}), response: api.lazada.lazop.api.LazopResponse@3fceb4e9
18/11/2021 11:59:07.253 : ERRROR: {process.GetOrders} : request(data:{"data":{"count":0,"countTotal":0,"orders":[]},"code":"0","request_id":"2101745416372115479653830"}), response: api.lazada.lazop.api.LazopResponse@558dbee4
18/11/2021 11:59:17.509 : ERRROR: {process.GetOrders} : request(data:{"data":{"count":0,"countTotal":0,"orders":[]},"code":"0","request_id":"2101192016372115582282670"}), response: api.lazada.lazop.api.LazopResponse@256c0023
18/11/2021 11:59:27.825 : ERRROR: {process.GetOrders} : request(data:{"data":{"count":0,"countTotal":0,"orders":[]},"code":"0","request_id":"2101211e16372115685132279"}), response: api.lazada.lazop.api.LazopResponse@3e70778b
18/11/2021 11:59:38.066 : ERRROR: {process.GetOrders} : request(data:{"data":{"count":0,"countTotal":0,"orders":[]},"code":"0","request_id":"210110a516372115787754315"}), response: api.lazada.lazop.api.LazopResponse@451a52c4
18/11/2021 11:59:48.323 : ERRROR: {process.GetOrders} : request(data:{"data":{"count":0,"countTotal":0,"orders":[]},"code":"0","request_id":"21011db716372115890416218"}), response: api.lazada.lazop.api.LazopResponse@96fc5eb
18/11/2021 11:59:58.552 : ERRROR: {process.GetOrders} : request(data:{"data":{"count":0,"countTotal":0,"orders":[]},"code":"0","request_id":"210110a516372115992745827"}), response: api.lazada.lazop.api.LazopResponse@618f03ef
18/11/2021 12:00:08.790 : ERRROR: {process.GetOrders} : request(data:{"data":{"count":0,"countTotal":0,"orders":[]},"code":"0","request_id":"21011db716372116095087990"}), response: api.lazada.lazop.api.LazopResponse@33a08f90
18/11/2021 12:00:19.045 : ERRROR: {process.GetOrders} : request(data:{"data":{"count":0,"countTotal":0,"orders":[]},"code":"0","request_id":"2101012116372116197597643"}), response: api.lazada.lazop.api.LazopResponse@55b6ff85
18/11/2021 12:00:29.369 : ERRROR: {process.GetOrders} : request(data:{"data":{"count":0,"countTotal":0,"orders":[]},"code":"0","request_id":"21010ec116372116300649001"}), response: api.lazada.lazop.api.LazopResponse@5bcad63a
18/11/2021 12:00:39.646 : ERRROR: {process.GetOrders} : request(data:{"data":{"count":0,"countTotal":0,"orders":[]},"code":"0","request_id":"2101012116372116403451556"}), response: api.lazada.lazop.api.LazopResponse@62030b8
18/11/2021 12:00:49.875 : ERRROR: {process.GetOrders} : request(data:{"data":{"count":0,"countTotal":0,"orders":[]},"code":"0","request_id":"21010ec116372116505973023"}), response: api.lazada.lazop.api.LazopResponse@1d6dfc76
18/11/2021 12:01:00.122 : ERRROR: {process.GetOrders} : request(data:{"data":{"count":0,"countTotal":0,"orders":[]},"code":"0","request_id":"21011db716372116608285206"}), response: api.lazada.lazop.api.LazopResponse@78390ab3
18/11/2021 12:01:07.586 : INFO: {Thread.LoadConfig} : Load file config success
18/11/2021 12:01:09.248 : ERRROR: {process.GetOrders} : request(data:{"data":{"count":0,"countTotal":0,"orders":[]},"code":"0","request_id":"210110a516372116699545041"}), response: api.lazada.lazop.api.LazopResponse@1bd8a3
18/11/2021 12:01:19.486 : ERRROR: {process.GetOrders} : request(data:{"data":{"count":0,"countTotal":0,"orders":[]},"code":"0","request_id":"2101012116372116802005730"}), response: api.lazada.lazop.api.LazopResponse@3196f7a8
18/11/2021 12:01:29.719 : ERRROR: {process.GetOrders} : request(data:{"data":{"count":0,"countTotal":0,"orders":[]},"code":"0","request_id":"2101745416372116904368978"}), response: api.lazada.lazop.api.LazopResponse@74950e30
18/11/2021 12:01:40.045 : ERRROR: {process.GetOrders} : request(data:{"data":{"count":0,"countTotal":0,"orders":[]},"code":"0","request_id":"2101192016372117007387959"}), response: api.lazada.lazop.api.LazopResponse@a290a2b
