25/11/2021 11:05:54.377 : INFO: {Thread.LoadConfig} : Load file config success
25/11/2021 11:05:57.476 : ERRROR: {process.GetOrders} : request(data:{"data":{"count":1,"countTotal":1,"orders":[{"voucher_platform":0.00,"voucher":0.00,"warehouse_code":"dropshipping","order_number":323292588673810,"voucher_seller":0.00,"created_at":"2021-11-25 10:46:40 +0700","voucher_code":"","gift_option":false,"shipping_fee_discount_platform":17600.00,"customer_last_name":"","promised_shipping_times":"","updated_at":"2021-11-25 10:49:22 +0700","price":"330000.00","national_registration_number":"","shipping_fee_original":17600.00,"payment_method":"NAPAS_ONLINE","customer_first_name":"D**g","shipping_fee_discount_seller":0.00,"shipping_fee":0.00,"branch_number":"","tax_code":"","items_count":3,"delivery_info":"","statuses":["pending"],"address_billing":{"country":"Vietnam","address3":"H****i","phone":"84********14","address2":"","city":"Quận Hai Bà Trưng","address1":"6***********u","post_code":"","phone2":"","last_name":"","address5":"H********************************************m","address4":"Q***************g","first_name":"Hoàng Dung"},"extra_attributes":"{\"TaxInvoiceRequested\":false}","order_id":323292588673810,"remarks":"","gift_message":"","address_shipping":{"country":"Vietnam","address3":"H****i","phone":"84********14","address2":"","city":"Quận Hai Bà Trưng","address1":"6***********u","post_code":"","phone2":"","last_name":"","address5":"P*****************m","address4":"Q***************g","first_name":"Hoàng Dung"}}]},"code":"0","request_id":"21010ec116378131569603823"}), response: api.lazada.lazop.api.LazopResponse@3a2e03ed
25/11/2021 11:05:58.245 : INFO: {process.GetOrders} : request(status: 1,
 data:{
    "infor":{
        "request_id": "1568093",
        "shop_code":"LAZADA",
        "user":"lazada",
        "password":"cd36852a4b6ddefbaa217b6ef67e9b32"
    },
    "order":{
        "product_code":"c025_1M",
        "name":"Hoàng Dung",
        "phone": "84********14",
        "email": "khangnd@mobifoneplus.com.vn",
        "address":"6***********u,Quận Hai Bà Trưng,Vietnam",
        "count": 3,
        "total_price": 330000,
        "fee_ship": 0,
        "trans_id": "323292588773810",
        "status_payment":1
    }
}
), response: {"message":"Success","status":1}

25/11/2021 11:06:08.563 : ERRROR: {process.GetOrders} : request(data:{"data":{"count":1,"countTotal":1,"orders":[{"voucher_platform":0.00,"voucher":0.00,"warehouse_code":"dropshipping","order_number":323292588673810,"voucher_seller":0.00,"created_at":"2021-11-25 10:46:40 +0700","voucher_code":"","gift_option":false,"shipping_fee_discount_platform":17600.00,"customer_last_name":"","promised_shipping_times":"","updated_at":"2021-11-25 10:49:22 +0700","price":"330000.00","national_registration_number":"","shipping_fee_original":17600.00,"payment_method":"NAPAS_ONLINE","customer_first_name":"D**g","shipping_fee_discount_seller":0.00,"shipping_fee":0.00,"branch_number":"","tax_code":"","items_count":3,"delivery_info":"","statuses":["pending"],"address_billing":{"country":"Vietnam","address3":"H****i","phone":"84********14","address2":"","city":"Quận Hai Bà Trưng","address1":"6***********u","post_code":"","phone2":"","last_name":"","address5":"H********************************************m","address4":"Q***************g","first_name":"Hoàng Dung"},"extra_attributes":"{\"TaxInvoiceRequested\":false}","order_id":323292588673810,"remarks":"","gift_message":"","address_shipping":{"country":"Vietnam","address3":"H****i","phone":"84********14","address2":"","city":"Quận Hai Bà Trưng","address1":"6***********u","post_code":"","phone2":"","last_name":"","address5":"P*****************m","address4":"Q***************g","first_name":"Hoàng Dung"}}]},"code":"0","request_id":"21010ec116378131680994919"}), response: api.lazada.lazop.api.LazopResponse@9d0e092
25/11/2021 11:06:18.868 : ERRROR: {process.GetOrders} : request(data:{"data":{"count":1,"countTotal":1,"orders":[{"voucher_platform":0.00,"voucher":0.00,"warehouse_code":"dropshipping","order_number":323292588673810,"voucher_seller":0.00,"created_at":"2021-11-25 10:46:40 +0700","voucher_code":"","gift_option":false,"shipping_fee_discount_platform":17600.00,"customer_last_name":"","promised_shipping_times":"","updated_at":"2021-11-25 10:49:22 +0700","price":"330000.00","national_registration_number":"","shipping_fee_original":17600.00,"payment_method":"NAPAS_ONLINE","customer_first_name":"D**g","shipping_fee_discount_seller":0.00,"shipping_fee":0.00,"branch_number":"","tax_code":"","items_count":3,"delivery_info":"","statuses":["pending"],"address_billing":{"country":"Vietnam","address3":"H****i","phone":"84********14","address2":"","city":"Quận Hai Bà Trưng","address1":"6***********u","post_code":"","phone2":"","last_name":"","address5":"H********************************************m","address4":"Q***************g","first_name":"Hoàng Dung"},"extra_attributes":"{\"TaxInvoiceRequested\":false}","order_id":323292588673810,"remarks":"","gift_message":"","address_shipping":{"country":"Vietnam","address3":"H****i","phone":"84********14","address2":"","city":"Quận Hai Bà Trưng","address1":"6***********u","post_code":"","phone2":"","last_name":"","address5":"P*****************m","address4":"Q***************g","first_name":"Hoàng Dung"}}]},"code":"0","request_id":"2101012116378131784115157"}), response: api.lazada.lazop.api.LazopResponse@1155a23e
